This file contains any messages produced by compilers while
running configure, to aid debugging if configure makes a mistake.

It was created by libmicrohttpd configure 0.9.39, which was
generated by GNU Autoconf 2.69.  Invocation command line was

  $ ./configure --prefix=/Users/skar/Projects/pixelflut/PixSyncLib/deps/libs/microhttpd/ --exec-prefix=/Users/skar/Projects/pixelflut/PixSyncLib/deps/libs/microhttpd/ --enable-shared=NO --disable-doc --disable-examples --disable-curl --disable-https

## --------- ##
## Platform. ##
## --------- ##

hostname = Jonathans-MBP.fritz.box
uname -m = x86_64
uname -r = 14.3.0
uname -s = Darwin
uname -v = Darwin Kernel Version 14.3.0: Mon Mar 23 11:59:05 PDT 2015; root:xnu-2782.20.48~5/RELEASE_X86_64

/usr/bin/uname -p = i386
/bin/uname -X     = unknown

/bin/arch              = unknown
/usr/bin/arch -k       = unknown
/usr/convex/getsysinfo = unknown
/usr/bin/hostinfo      = Mach kernel version:
	 Darwin Kernel Version 14.3.0: Mon Mar 23 11:59:05 PDT 2015; root:xnu-2782.20.48~5/RELEASE_X86_64
Kernel configured for up to 8 processors.
4 processors are physically available.
8 processors are logically available.
Processor type: x86_64h (Intel x86-64h Haswell)
Processors active: 0 1 2 3 4 5 6 7
Primary memory available: 16.00 gigabytes
Default processor set: 263 tasks, 1289 threads, 8 processors
Load average: 1.62, Mach factor: 6.36
/bin/machine           = unknown
/usr/bin/oslevel       = unknown
/bin/universe          = unknown

PATH: /Users/skar/.rvm/gems/ruby-head/bin
PATH: /Users/skar/.rvm/gems/ruby-head@global/bin
PATH: /Users/skar/.rvm/rubies/ruby-head/bin
PATH: /Users/skar/.rvm/bin
PATH: /usr/local/bin
PATH: /usr/bin
PATH: /bin
PATH: /usr/sbin
PATH: /sbin
PATH: /opt/X11/bin
PATH: /usr/local/bin
PATH: /Users/skar/Android/android-ndk-r10d
PATH: /Users/skar/Android/sdk/platform-tools/


## ----------- ##
## Core tests. ##
## ----------- ##

configure:2491: checking for a BSD-compatible install
configure:2559: result: /usr/bin/install -c
configure:2570: checking whether build environment is sane
configure:2625: result: yes
configure:2776: checking for a thread-safe mkdir -p
configure:2815: result: ./install-sh -c -d
configure:2822: checking for gawk
configure:2852: result: no
configure:2822: checking for mawk
configure:2852: result: no
configure:2822: checking for nawk
configure:2852: result: no
configure:2822: checking for awk
configure:2838: found /usr/bin/awk
configure:2849: result: awk
configure:2860: checking whether make sets $(MAKE)
configure:2882: result: yes
configure:2911: checking whether make supports nested variables
configure:2928: result: yes
configure:3099: checking for gawk
configure:3126: result: awk
configure:3138: checking whether ln -s works
configure:3142: result: yes
configure:3149: checking whether make sets $(MAKE)
configure:3171: result: yes
configure:3184: checking build system type
configure:3198: result: x86_64-apple-darwin14.3.0
configure:3218: checking host system type
configure:3231: result: x86_64-apple-darwin14.3.0
configure:3263: checking for style of include used by make
configure:3291: result: GNU
configure:3362: checking for gcc
configure:3378: found /usr/bin/gcc
configure:3389: result: gcc
configure:3618: checking for C compiler version
configure:3627: gcc --version >&5
Apple LLVM version 6.1.0 (clang-602.0.53) (based on LLVM 3.6.0svn)
Target: x86_64-apple-darwin14.3.0
Thread model: posix
Configured with: --prefix=/Applications/Xcode.app/Contents/Developer/usr --with-gxx-include-dir=/usr/include/c++/4.2.1
configure:3638: $? = 0
configure:3627: gcc -v >&5
Configured with: --prefix=/Applications/Xcode.app/Contents/Developer/usr --with-gxx-include-dir=/usr/include/c++/4.2.1
Apple LLVM version 6.1.0 (clang-602.0.53) (based on LLVM 3.6.0svn)
Target: x86_64-apple-darwin14.3.0
Thread model: posix
configure:3638: $? = 0
configure:3627: gcc -V >&5
clang: error: argument to '-V' is missing (expected 1 value)
clang: error: no input files
configure:3638: $? = 1
configure:3627: gcc -qversion >&5
clang: error: unknown argument: '-qversion'
clang: error: no input files
configure:3638: $? = 1
configure:3658: checking whether the C compiler works
configure:3680: gcc    conftest.c  >&5
configure:3684: $? = 0
configure:3732: result: yes
configure:3735: checking for C compiler default output file name
configure:3737: result: a.out
configure:3743: checking for suffix of executables
configure:3750: gcc -o conftest    conftest.c  >&5
configure:3754: $? = 0
configure:3776: result: 
configure:3798: checking whether we are cross compiling
configure:3806: gcc -o conftest    conftest.c  >&5
configure:3810: $? = 0
configure:3817: ./conftest
configure:3821: $? = 0
configure:3836: result: no
configure:3841: checking for suffix of object files
configure:3863: gcc -c   conftest.c >&5
configure:3867: $? = 0
configure:3888: result: o
configure:3892: checking whether we are using the GNU C compiler
configure:3911: gcc -c   conftest.c >&5
configure:3911: $? = 0
configure:3920: result: yes
configure:3929: checking whether gcc accepts -g
configure:3949: gcc -c -g  conftest.c >&5
configure:3949: $? = 0
configure:3990: result: yes
configure:4007: checking for gcc option to accept ISO C89
configure:4070: gcc  -c -g -O2  conftest.c >&5
configure:4070: $? = 0
configure:4083: result: none needed
configure:4108: checking whether gcc understands -c and -o together
configure:4130: gcc -c conftest.c -o conftest2.o
configure:4133: $? = 0
configure:4130: gcc -c conftest.c -o conftest2.o
configure:4133: $? = 0
configure:4145: result: yes
configure:4164: checking dependency style of gcc
configure:4275: result: gcc3
configure:4337: checking how to print strings
configure:4364: result: printf
configure:4385: checking for a sed that does not truncate output
configure:4449: result: /usr/bin/sed
configure:4467: checking for grep that handles long lines and -e
configure:4525: result: /usr/bin/grep
configure:4530: checking for egrep
configure:4592: result: /usr/bin/grep -E
configure:4597: checking for fgrep
configure:4659: result: /usr/bin/grep -F
configure:4694: checking for ld used by gcc
configure:4761: result: /Applications/Xcode.app/Contents/Developer/Toolchains/XcodeDefault.xctoolchain/usr/bin/ld
configure:4768: checking if the linker (/Applications/Xcode.app/Contents/Developer/Toolchains/XcodeDefault.xctoolchain/usr/bin/ld) is GNU ld
configure:4783: result: no
configure:4795: checking for BSD- or MS-compatible name lister (nm)
configure:4844: result: /usr/bin/nm
configure:4974: checking the name lister (/usr/bin/nm) interface
configure:4981: gcc -c -g -O2  conftest.c >&5
configure:4984: /usr/bin/nm "conftest.o"
configure:4987: output
0000000000000208 S _some_variable
configure:4994: result: BSD nm
configure:4998: checking the maximum length of command line arguments
configure:5129: result: 196608
configure:5146: checking whether the shell understands some XSI constructs
configure:5156: result: yes
configure:5160: checking whether the shell understands "+="
configure:5166: result: yes
configure:5201: checking how to convert x86_64-apple-darwin14.3.0 file names to x86_64-apple-darwin14.3.0 format
configure:5241: result: func_convert_file_noop
configure:5248: checking how to convert x86_64-apple-darwin14.3.0 file names to toolchain format
configure:5268: result: func_convert_file_noop
configure:5275: checking for /Applications/Xcode.app/Contents/Developer/Toolchains/XcodeDefault.xctoolchain/usr/bin/ld option to reload object files
configure:5282: result: -r
configure:5356: checking for objdump
configure:5386: result: no
configure:5412: checking how to recognize dependent libraries
configure:5610: result: pass_all
configure:5695: checking for dlltool
configure:5725: result: no
configure:5752: checking how to associate runtime and link libraries
configure:5779: result: printf %s\n
configure:5840: checking for ar
configure:5856: found /usr/bin/ar
configure:5867: result: ar
configure:5904: checking for archiver @FILE support
configure:5921: gcc -c -g -O2  conftest.c >&5
configure:5921: $? = 0
configure:5924: ar cru libconftest.a @conftest.lst >&5
ar: @conftest.lst: No such file or directory
configure:5927: $? = 1
configure:5947: result: no
configure:6005: checking for strip
configure:6021: found /usr/bin/strip
configure:6032: result: strip
configure:6104: checking for ranlib
configure:6120: found /usr/bin/ranlib
configure:6131: result: ranlib
configure:6233: checking command to parse /usr/bin/nm output from gcc object
configure:6353: gcc -c -g -O2  conftest.c >&5
configure:6356: $? = 0
configure:6360: /usr/bin/nm conftest.o \| sed -n -e 's/^.*[ ]\([BCDEGRST][BCDEGRST]*\)[ ][ ]*\([_A-Za-z][_A-Za-z0-9]*\)$/\1 \2 \2/p' | sed '/ __gnu_lto/d' \> conftest.nm
configure:6363: $? = 0
cannot find nm_test_var in conftest.nm
configure:6353: gcc -c -g -O2  conftest.c >&5
configure:6356: $? = 0
configure:6360: /usr/bin/nm conftest.o \| sed -n -e 's/^.*[ ]\([BCDEGRST][BCDEGRST]*\)[ ][ ]*_\([_A-Za-z][_A-Za-z0-9]*\)$/\1 _\2 \2/p' | sed '/ __gnu_lto/d' \> conftest.nm
configure:6363: $? = 0
configure:6429: gcc -o conftest -g -O2   conftest.c conftstm.o >&5
configure:6432: $? = 0
configure:6470: result: ok
configure:6507: checking for sysroot
configure:6537: result: no
configure:6806: checking for mt
configure:6836: result: no
configure:6856: checking if : is a manifest tool
configure:6862: : '-?'
configure:6870: result: no
configure:6926: checking for dsymutil
configure:6942: found /usr/bin/dsymutil
configure:6953: result: dsymutil
configure:7018: checking for nmedit
configure:7034: found /usr/bin/nmedit
configure:7045: result: nmedit
configure:7110: checking for lipo
configure:7126: found /usr/bin/lipo
configure:7137: result: lipo
configure:7202: checking for otool
configure:7218: found /usr/bin/otool
configure:7229: result: otool
configure:7294: checking for otool64
configure:7324: result: no
configure:7369: checking for -single_module linker flag
gcc -g -O2  -o libconftest.dylib -dynamiclib -Wl,-single_module conftest.c
configure:7402: result: yes
configure:7405: checking for -exported_symbols_list linker flag
configure:7425: gcc -o conftest -g -O2   -Wl,-exported_symbols_list,conftest.sym conftest.c  >&5
configure:7425: $? = 0
configure:7435: result: yes
configure:7438: checking for -force_load linker flag
gcc -g -O2 -c -o conftest.o conftest.c
ar cru libconftest.a conftest.o
ranlib libconftest.a
gcc -g -O2  -o conftest conftest.c -Wl,-force_load,./libconftest.a
configure:7470: result: yes
configure:7512: checking how to run the C preprocessor
configure:7543: gcc -E  conftest.c
configure:7543: $? = 0
configure:7557: gcc -E  conftest.c
conftest.c:11:10: fatal error: 'ac_nonexistent.h' file not found
#include <ac_nonexistent.h>
         ^
1 error generated.
configure:7557: $? = 1
configure: failed program was:
| /* confdefs.h */
| #define PACKAGE_NAME "libmicrohttpd"
| #define PACKAGE_TARNAME "libmicrohttpd"
| #define PACKAGE_VERSION "0.9.39"
| #define PACKAGE_STRING "libmicrohttpd 0.9.39"
| #define PACKAGE_BUGREPORT "libmicrohttpd@gnu.org"
| #define PACKAGE_URL ""
| #define PACKAGE "libmicrohttpd"
| #define VERSION "0.9.39"
| /* end confdefs.h.  */
| #include <ac_nonexistent.h>
configure:7582: result: gcc -E
configure:7602: gcc -E  conftest.c
configure:7602: $? = 0
configure:7616: gcc -E  conftest.c
conftest.c:11:10: fatal error: 'ac_nonexistent.h' file not found
#include <ac_nonexistent.h>
         ^
1 error generated.
configure:7616: $? = 1
configure: failed program was:
| /* confdefs.h */
| #define PACKAGE_NAME "libmicrohttpd"
| #define PACKAGE_TARNAME "libmicrohttpd"
| #define PACKAGE_VERSION "0.9.39"
| #define PACKAGE_STRING "libmicrohttpd 0.9.39"
| #define PACKAGE_BUGREPORT "libmicrohttpd@gnu.org"
| #define PACKAGE_URL ""
| #define PACKAGE "libmicrohttpd"
| #define VERSION "0.9.39"
| /* end confdefs.h.  */
| #include <ac_nonexistent.h>
configure:7645: checking for ANSI C header files
configure:7665: gcc -c -g -O2  conftest.c >&5
configure:7665: $? = 0
configure:7738: gcc -o conftest -g -O2   conftest.c  >&5
configure:7738: $? = 0
configure:7738: ./conftest
configure:7738: $? = 0
configure:7749: result: yes
configure:7762: checking for sys/types.h
configure:7762: gcc -c -g -O2  conftest.c >&5
configure:7762: $? = 0
configure:7762: result: yes
configure:7762: checking for sys/stat.h
configure:7762: gcc -c -g -O2  conftest.c >&5
configure:7762: $? = 0
configure:7762: result: yes
configure:7762: checking for stdlib.h
configure:7762: gcc -c -g -O2  conftest.c >&5
configure:7762: $? = 0
configure:7762: result: yes
configure:7762: checking for string.h
configure:7762: gcc -c -g -O2  conftest.c >&5
configure:7762: $? = 0
configure:7762: result: yes
configure:7762: checking for memory.h
configure:7762: gcc -c -g -O2  conftest.c >&5
configure:7762: $? = 0
configure:7762: result: yes
configure:7762: checking for strings.h
configure:7762: gcc -c -g -O2  conftest.c >&5
configure:7762: $? = 0
configure:7762: result: yes
configure:7762: checking for inttypes.h
configure:7762: gcc -c -g -O2  conftest.c >&5
configure:7762: $? = 0
configure:7762: result: yes
configure:7762: checking for stdint.h
configure:7762: gcc -c -g -O2  conftest.c >&5
configure:7762: $? = 0
configure:7762: result: yes
configure:7762: checking for unistd.h
configure:7762: gcc -c -g -O2  conftest.c >&5
configure:7762: $? = 0
configure:7762: result: yes
configure:7776: checking for dlfcn.h
configure:7776: gcc -c -g -O2  conftest.c >&5
configure:7776: $? = 0
configure:7776: result: yes
configure:8280: checking for objdir
configure:8295: result: .libs
configure:8566: checking if gcc supports -fno-rtti -fno-exceptions
configure:8584: gcc -c -g -O2  -fno-rtti -fno-exceptions conftest.c >&5
configure:8588: $? = 0
configure:8601: result: yes
configure:8928: checking for gcc option to produce PIC
configure:8935: result: -fno-common -DPIC
configure:8943: checking if gcc PIC flag -fno-common -DPIC works
configure:8961: gcc -c -g -O2  -fno-common -DPIC -DPIC conftest.c >&5
configure:8965: $? = 0
configure:8978: result: yes
configure:9007: checking if gcc static flag -static works
configure:9035: result: no
configure:9050: checking if gcc supports -c -o file.o
configure:9071: gcc -c -g -O2  -o out/conftest2.o conftest.c >&5
configure:9075: $? = 0
configure:9097: result: yes
configure:9105: checking if gcc supports -c -o file.o
configure:9152: result: yes
configure:9185: checking whether the gcc linker (/Applications/Xcode.app/Contents/Developer/Toolchains/XcodeDefault.xctoolchain/usr/bin/ld) supports shared libraries
configure:10342: result: yes
configure:10582: checking dynamic linker characteristics
configure:11316: result: darwin14.3.0 dyld
configure:11423: checking how to hardcode library paths into programs
configure:11448: result: immediate
configure:11988: checking whether stripping libraries is possible
configure:12002: result: yes
configure:12028: checking if libtool supports shared libraries
configure:12030: result: yes
configure:12033: checking whether to build shared libraries
configure:12054: result: no
configure:12057: checking whether to build static libraries
configure:12061: result: yes
configure:12141: checking for windres
configure:12171: result: no
configure:12414: checking if compiler needs -Werror to reject unknown flags
configure:12430: gcc -c -g -O2 -Werror -Wunknown-warning-option -Wsizeof-array-argument  conftest.c >&5
configure:12430: $? = 0
configure:12431: result: yes
configure:12451: checking whether pthreads work with -pthread
configure:12539: gcc -o conftest -g -O2 -pthread -Werror   conftest.c   >&5
configure:12539: $? = 0
configure:12548: result: yes
configure:12567: checking for joinable pthread attribute
configure:12582: gcc -o conftest -g -O2 -pthread   conftest.c   >&5
configure:12582: $? = 0
configure:12588: result: PTHREAD_CREATE_JOINABLE
configure:12598: checking if more special flags are required for pthreads
configure:12613: result: -D_THREAD_SAFE
configure:12619: checking for PTHREAD_PRIO_INHERIT
configure:12636: gcc -o conftest -g -O2 -pthread   conftest.c   >&5
configure:12636: $? = 0
configure:12645: result: yes
configure:12751: checking windows.h usability
configure:12751: gcc -c -g -O2  conftest.c >&5
conftest.c:57:10: fatal error: 'windows.h' file not found
#include <windows.h>
         ^
1 error generated.
configure:12751: $? = 1
configure: failed program was:
| /* confdefs.h */
| #define PACKAGE_NAME "libmicrohttpd"
| #define PACKAGE_TARNAME "libmicrohttpd"
| #define PACKAGE_VERSION "0.9.39"
| #define PACKAGE_STRING "libmicrohttpd 0.9.39"
| #define PACKAGE_BUGREPORT "libmicrohttpd@gnu.org"
| #define PACKAGE_URL ""
| #define PACKAGE "libmicrohttpd"
| #define VERSION "0.9.39"
| #define STDC_HEADERS 1
| #define HAVE_SYS_TYPES_H 1
| #define HAVE_SYS_STAT_H 1
| #define HAVE_STDLIB_H 1
| #define HAVE_STRING_H 1
| #define HAVE_MEMORY_H 1
| #define HAVE_STRINGS_H 1
| #define HAVE_INTTYPES_H 1
| #define HAVE_STDINT_H 1
| #define HAVE_UNISTD_H 1
| #define HAVE_DLFCN_H 1
| #define LT_OBJDIR ".libs/"
| #define HAVE_PTHREAD_PRIO_INHERIT 1
| /* end confdefs.h.  */
| #include <stdio.h>
| #ifdef HAVE_SYS_TYPES_H
| # include <sys/types.h>
| #endif
| #ifdef HAVE_SYS_STAT_H
| # include <sys/stat.h>
| #endif
| #ifdef STDC_HEADERS
| # include <stdlib.h>
| # include <stddef.h>
| #else
| # ifdef HAVE_STDLIB_H
| #  include <stdlib.h>
| # endif
| #endif
| #ifdef HAVE_STRING_H
| # if !defined STDC_HEADERS && defined HAVE_MEMORY_H
| #  include <memory.h>
| # endif
| # include <string.h>
| #endif
| #ifdef HAVE_STRINGS_H
| # include <strings.h>
| #endif
| #ifdef HAVE_INTTYPES_H
| # include <inttypes.h>
| #endif
| #ifdef HAVE_STDINT_H
| # include <stdint.h>
| #endif
| #ifdef HAVE_UNISTD_H
| # include <unistd.h>
| #endif
| #include <windows.h>
configure:12751: result: no
configure:12751: checking windows.h presence
configure:12751: gcc -E  conftest.c
conftest.c:24:10: fatal error: 'windows.h' file not found
#include <windows.h>
         ^
1 error generated.
configure:12751: $? = 1
configure: failed program was:
| /* confdefs.h */
| #define PACKAGE_NAME "libmicrohttpd"
| #define PACKAGE_TARNAME "libmicrohttpd"
| #define PACKAGE_VERSION "0.9.39"
| #define PACKAGE_STRING "libmicrohttpd 0.9.39"
| #define PACKAGE_BUGREPORT "libmicrohttpd@gnu.org"
| #define PACKAGE_URL ""
| #define PACKAGE "libmicrohttpd"
| #define VERSION "0.9.39"
| #define STDC_HEADERS 1
| #define HAVE_SYS_TYPES_H 1
| #define HAVE_SYS_STAT_H 1
| #define HAVE_STDLIB_H 1
| #define HAVE_STRING_H 1
| #define HAVE_MEMORY_H 1
| #define HAVE_STRINGS_H 1
| #define HAVE_INTTYPES_H 1
| #define HAVE_STDINT_H 1
| #define HAVE_UNISTD_H 1
| #define HAVE_DLFCN_H 1
| #define LT_OBJDIR ".libs/"
| #define HAVE_PTHREAD_PRIO_INHERIT 1
| /* end confdefs.h.  */
| #include <windows.h>
configure:12751: result: no
configure:12751: checking for windows.h
configure:12751: result: no
configure:13062: checking whether the linker accepts -fno-strict-aliasing
configure:13081: gcc -o conftest -no-cpp-precomp -fno-common -g -O2    -fno-strict-aliasing conftest.c  >&5
configure:13081: $? = 0
configure:13090: result: yes
configure:13099: checking whether C compiler accepts -fno-strict-aliasing
configure:13118: gcc -c -no-cpp-precomp -fno-common -g -O2  -fno-strict-aliasing  conftest.c >&5
configure:13118: $? = 0
configure:13127: result: yes
configure:13140: : CFLAGS="$CFLAGS $flag"
configure:13143: $? = 0
configure:13163: checking whether byte ordering is bigendian
configure:13178: gcc -c -no-cpp-precomp -fno-common -g -O2 -fno-strict-aliasing  conftest.c >&5
configure:13178: $? = 0
configure:13223: gcc -c -no-cpp-precomp -fno-common -g -O2 -fno-strict-aliasing  conftest.c >&5
configure:13223: $? = 0
configure:13241: gcc -c -no-cpp-precomp -fno-common -g -O2 -fno-strict-aliasing  conftest.c >&5
conftest.c:33:4: error: use of undeclared identifier 'not'
                 not big endian
                 ^
1 error generated.
configure:13241: $? = 1
configure: failed program was:
| /* confdefs.h */
| #define PACKAGE_NAME "libmicrohttpd"
| #define PACKAGE_TARNAME "libmicrohttpd"
| #define PACKAGE_VERSION "0.9.39"
| #define PACKAGE_STRING "libmicrohttpd 0.9.39"
| #define PACKAGE_BUGREPORT "libmicrohttpd@gnu.org"
| #define PACKAGE_URL ""
| #define PACKAGE "libmicrohttpd"
| #define VERSION "0.9.39"
| #define STDC_HEADERS 1
| #define HAVE_SYS_TYPES_H 1
| #define HAVE_SYS_STAT_H 1
| #define HAVE_STDLIB_H 1
| #define HAVE_STRING_H 1
| #define HAVE_MEMORY_H 1
| #define HAVE_STRINGS_H 1
| #define HAVE_INTTYPES_H 1
| #define HAVE_STDINT_H 1
| #define HAVE_UNISTD_H 1
| #define HAVE_DLFCN_H 1
| #define LT_OBJDIR ".libs/"
| #define HAVE_PTHREAD_PRIO_INHERIT 1
| #define OSX 1
| #define MHD_USE_POSIX_THREADS 1
| /* end confdefs.h.  */
| #include <sys/types.h>
| 		#include <sys/param.h>
| 
| int
| main ()
| {
| #if BYTE_ORDER != BIG_ENDIAN
| 		 not big endian
| 		#endif
| 
|   ;
|   return 0;
| }
configure:13369: result: no
configure:13390: checking for curl
configure:13406: found /usr/bin/curl
configure:13418: result: yes
configure:13436: checking for makeinfo
configure:13452: found /usr/bin/makeinfo
configure:13464: result: yes
configure:13535: checking linux/version.h usability
configure:13535: gcc -c -no-cpp-precomp -fno-common -g -O2 -fno-strict-aliasing  conftest.c >&5
conftest.c:59:10: fatal error: 'linux/version.h' file not found
#include <linux/version.h>
         ^
1 error generated.
configure:13535: $? = 1
configure: failed program was:
| /* confdefs.h */
| #define PACKAGE_NAME "libmicrohttpd"
| #define PACKAGE_TARNAME "libmicrohttpd"
| #define PACKAGE_VERSION "0.9.39"
| #define PACKAGE_STRING "libmicrohttpd 0.9.39"
| #define PACKAGE_BUGREPORT "libmicrohttpd@gnu.org"
| #define PACKAGE_URL ""
| #define PACKAGE "libmicrohttpd"
| #define VERSION "0.9.39"
| #define STDC_HEADERS 1
| #define HAVE_SYS_TYPES_H 1
| #define HAVE_SYS_STAT_H 1
| #define HAVE_STDLIB_H 1
| #define HAVE_STRING_H 1
| #define HAVE_MEMORY_H 1
| #define HAVE_STRINGS_H 1
| #define HAVE_INTTYPES_H 1
| #define HAVE_STDINT_H 1
| #define HAVE_UNISTD_H 1
| #define HAVE_DLFCN_H 1
| #define LT_OBJDIR ".libs/"
| #define HAVE_PTHREAD_PRIO_INHERIT 1
| #define OSX 1
| #define MHD_USE_POSIX_THREADS 1
| /* end confdefs.h.  */
| #include <stdio.h>
| #ifdef HAVE_SYS_TYPES_H
| # include <sys/types.h>
| #endif
| #ifdef HAVE_SYS_STAT_H
| # include <sys/stat.h>
| #endif
| #ifdef STDC_HEADERS
| # include <stdlib.h>
| # include <stddef.h>
| #else
| # ifdef HAVE_STDLIB_H
| #  include <stdlib.h>
| # endif
| #endif
| #ifdef HAVE_STRING_H
| # if !defined STDC_HEADERS && defined HAVE_MEMORY_H
| #  include <memory.h>
| # endif
| # include <string.h>
| #endif
| #ifdef HAVE_STRINGS_H
| # include <strings.h>
| #endif
| #ifdef HAVE_INTTYPES_H
| # include <inttypes.h>
| #endif
| #ifdef HAVE_STDINT_H
| # include <stdint.h>
| #endif
| #ifdef HAVE_UNISTD_H
| # include <unistd.h>
| #endif
| #include <linux/version.h>
configure:13535: result: no
configure:13535: checking linux/version.h presence
configure:13535: gcc -E  conftest.c
conftest.c:26:10: fatal error: 'linux/version.h' file not found
#include <linux/version.h>
         ^
1 error generated.
configure:13535: $? = 1
configure: failed program was:
| /* confdefs.h */
| #define PACKAGE_NAME "libmicrohttpd"
| #define PACKAGE_TARNAME "libmicrohttpd"
| #define PACKAGE_VERSION "0.9.39"
| #define PACKAGE_STRING "libmicrohttpd 0.9.39"
| #define PACKAGE_BUGREPORT "libmicrohttpd@gnu.org"
| #define PACKAGE_URL ""
| #define PACKAGE "libmicrohttpd"
| #define VERSION "0.9.39"
| #define STDC_HEADERS 1
| #define HAVE_SYS_TYPES_H 1
| #define HAVE_SYS_STAT_H 1
| #define HAVE_STDLIB_H 1
| #define HAVE_STRING_H 1
| #define HAVE_MEMORY_H 1
| #define HAVE_STRINGS_H 1
| #define HAVE_INTTYPES_H 1
| #define HAVE_STDINT_H 1
| #define HAVE_UNISTD_H 1
| #define HAVE_DLFCN_H 1
| #define LT_OBJDIR ".libs/"
| #define HAVE_PTHREAD_PRIO_INHERIT 1
| #define OSX 1
| #define MHD_USE_POSIX_THREADS 1
| /* end confdefs.h.  */
| #include <linux/version.h>
configure:13535: result: no
configure:13535: checking for linux/version.h
configure:13535: result: no
configure:13541: checking for Linux epoll(7) interface
configure:13567: gcc -o conftest -no-cpp-precomp -fno-common -g -O2 -fno-strict-aliasing   conftest.c  >&5
conftest.c:26:16: fatal error: 'sys/epoll.h' file not found
      #include <sys/epoll.h>
               ^
1 error generated.
configure:13567: $? = 1
configure: failed program was:
| /* confdefs.h */
| #define PACKAGE_NAME "libmicrohttpd"
| #define PACKAGE_TARNAME "libmicrohttpd"
| #define PACKAGE_VERSION "0.9.39"
| #define PACKAGE_STRING "libmicrohttpd 0.9.39"
| #define PACKAGE_BUGREPORT "libmicrohttpd@gnu.org"
| #define PACKAGE_URL ""
| #define PACKAGE "libmicrohttpd"
| #define VERSION "0.9.39"
| #define STDC_HEADERS 1
| #define HAVE_SYS_TYPES_H 1
| #define HAVE_SYS_STAT_H 1
| #define HAVE_STDLIB_H 1
| #define HAVE_STRING_H 1
| #define HAVE_MEMORY_H 1
| #define HAVE_STRINGS_H 1
| #define HAVE_INTTYPES_H 1
| #define HAVE_STDINT_H 1
| #define HAVE_UNISTD_H 1
| #define HAVE_DLFCN_H 1
| #define LT_OBJDIR ".libs/"
| #define HAVE_PTHREAD_PRIO_INHERIT 1
| #define OSX 1
| #define MHD_USE_POSIX_THREADS 1
| /* end confdefs.h.  */
|       #include <sys/epoll.h>
| #ifdef HAVE_LINUX_VERSION_H
| #  include <linux/version.h>
| #  if LINUX_VERSION_CODE < KERNEL_VERSION(2,5,45)
| #    error linux kernel version is too old to have epoll
| #  endif
| #endif
| 
| int
| main ()
| {
| int fd, rc;
| struct epoll_event ev;
| fd = epoll_create(128);
| rc = epoll_wait(fd, &ev, 1, 0);
|   ;
|   return 0;
| }
configure:13582: result: no
configure:13609: checking for pthread_setname_np
configure:13622: gcc -o conftest -no-cpp-precomp -fno-common -g -O2 -fno-strict-aliasing -D_THREAD_SAFE -pthread   conftest.c   >&5
conftest.c:31:38: error: too many arguments to function call, expected 1, have 2
  pthread_setname_np(pthread_self(), "name")
  ~~~~~~~~~~~~~~~~~~                 ^~~~~~
/usr/include/pthread.h:474:1: note: 'pthread_setname_np' declared here
__OSX_AVAILABLE_STARTING(__MAC_10_6, __IPHONE_3_2)
^
/usr/include/Availability.h:163:50: note: expanded from macro '__OSX_AVAILABLE_STARTING'
    #define __OSX_AVAILABLE_STARTING(_osx, _ios) __AVAILABILITY_INTERNAL##_osx
                                                 ^
<scratch space>:4:1: note: expanded from here
__AVAILABILITY_INTERNAL__MAC_10_6
^
/usr/include/AvailabilityInternal.h:5369:72: note: expanded from macro '__AVAILABILITY_INTERNAL__MAC_10_6'
            #define __AVAILABILITY_INTERNAL__MAC_10_6                  __attribute__((availability(macosx,introduced=10.6)))
                                                                       ^
1 error generated.
configure:13622: $? = 1
configure: failed program was:
| /* confdefs.h */
| #define PACKAGE_NAME "libmicrohttpd"
| #define PACKAGE_TARNAME "libmicrohttpd"
| #define PACKAGE_VERSION "0.9.39"
| #define PACKAGE_STRING "libmicrohttpd 0.9.39"
| #define PACKAGE_BUGREPORT "libmicrohttpd@gnu.org"
| #define PACKAGE_URL ""
| #define PACKAGE "libmicrohttpd"
| #define VERSION "0.9.39"
| #define STDC_HEADERS 1
| #define HAVE_SYS_TYPES_H 1
| #define HAVE_SYS_STAT_H 1
| #define HAVE_STDLIB_H 1
| #define HAVE_STRING_H 1
| #define HAVE_MEMORY_H 1
| #define HAVE_STRINGS_H 1
| #define HAVE_INTTYPES_H 1
| #define HAVE_STDINT_H 1
| #define HAVE_UNISTD_H 1
| #define HAVE_DLFCN_H 1
| #define LT_OBJDIR ".libs/"
| #define HAVE_PTHREAD_PRIO_INHERIT 1
| #define OSX 1
| #define MHD_USE_POSIX_THREADS 1
| #define EPOLL_SUPPORT 0
| /* end confdefs.h.  */
| #include <pthread.h>
| int
| main ()
| {
|   pthread_setname_np(pthread_self(), "name")
|   ;
|   return 0;
| }
configure:13629: result: no
configure:13642: checking fcntl.h usability
configure:13642: gcc -c -no-cpp-precomp -fno-common -g -O2 -fno-strict-aliasing  conftest.c >&5
configure:13642: $? = 0
configure:13642: result: yes
configure:13642: checking fcntl.h presence
configure:13642: gcc -E  conftest.c
configure:13642: $? = 0
configure:13642: result: yes
configure:13642: checking for fcntl.h
configure:13642: result: yes
configure:13642: checking math.h usability
configure:13642: gcc -c -no-cpp-precomp -fno-common -g -O2 -fno-strict-aliasing  conftest.c >&5
configure:13642: $? = 0
configure:13642: result: yes
configure:13642: checking math.h presence
configure:13642: gcc -E  conftest.c
configure:13642: $? = 0
configure:13642: result: yes
configure:13642: checking for math.h
configure:13642: result: yes
configure:13642: checking errno.h usability
configure:13642: gcc -c -no-cpp-precomp -fno-common -g -O2 -fno-strict-aliasing  conftest.c >&5
configure:13642: $? = 0
configure:13642: result: yes
configure:13642: checking errno.h presence
configure:13642: gcc -E  conftest.c
configure:13642: $? = 0
configure:13642: result: yes
configure:13642: checking for errno.h
configure:13642: result: yes
configure:13642: checking limits.h usability
configure:13642: gcc -c -no-cpp-precomp -fno-common -g -O2 -fno-strict-aliasing  conftest.c >&5
configure:13642: $? = 0
configure:13642: result: yes
configure:13642: checking limits.h presence
configure:13642: gcc -E  conftest.c
configure:13642: $? = 0
configure:13642: result: yes
configure:13642: checking for limits.h
configure:13642: result: yes
configure:13642: checking stdio.h usability
configure:13642: gcc -c -no-cpp-precomp -fno-common -g -O2 -fno-strict-aliasing  conftest.c >&5
configure:13642: $? = 0
configure:13642: result: yes
configure:13642: checking stdio.h presence
configure:13642: gcc -E  conftest.c
configure:13642: $? = 0
configure:13642: result: yes
configure:13642: checking for stdio.h
configure:13642: result: yes
configure:13642: checking locale.h usability
configure:13642: gcc -c -no-cpp-precomp -fno-common -g -O2 -fno-strict-aliasing  conftest.c >&5
configure:13642: $? = 0
configure:13642: result: yes
configure:13642: checking locale.h presence
configure:13642: gcc -E  conftest.c
configure:13642: $? = 0
configure:13642: result: yes
configure:13642: checking for locale.h
configure:13642: result: yes
configure:13642: checking for sys/stat.h
configure:13642: result: yes
configure:13642: checking for sys/types.h
configure:13642: result: yes
configure:13642: checking pthread.h usability
configure:13642: gcc -c -no-cpp-precomp -fno-common -g -O2 -fno-strict-aliasing  conftest.c >&5
configure:13642: $? = 0
configure:13642: result: yes
configure:13642: checking pthread.h presence
configure:13642: gcc -E  conftest.c
configure:13642: $? = 0
configure:13642: result: yes
configure:13642: checking for pthread.h
configure:13642: result: yes
configure:13659: checking for sys/types.h
configure:13659: result: yes
configure:13659: checking sys/time.h usability
configure:13659: gcc -c -no-cpp-precomp -fno-common -g -O2 -fno-strict-aliasing  conftest.c >&5
configure:13659: $? = 0
configure:13659: result: yes
configure:13659: checking sys/time.h presence
configure:13659: gcc -E  conftest.c
configure:13659: $? = 0
configure:13659: result: yes
configure:13659: checking for sys/time.h
configure:13659: result: yes
configure:13659: checking sys/msg.h usability
configure:13659: gcc -c -no-cpp-precomp -fno-common -g -O2 -fno-strict-aliasing  conftest.c >&5
configure:13659: $? = 0
configure:13659: result: yes
configure:13659: checking sys/msg.h presence
configure:13659: gcc -E  conftest.c
configure:13659: $? = 0
configure:13659: result: yes
configure:13659: checking for sys/msg.h
configure:13659: result: yes
configure:13659: checking netdb.h usability
configure:13659: gcc -c -no-cpp-precomp -fno-common -g -O2 -fno-strict-aliasing  conftest.c >&5
configure:13659: $? = 0
configure:13659: result: yes
configure:13659: checking netdb.h presence
configure:13659: gcc -E  conftest.c
configure:13659: $? = 0
configure:13659: result: yes
configure:13659: checking for netdb.h
configure:13659: result: yes
configure:13659: checking netinet/in.h usability
configure:13659: gcc -c -no-cpp-precomp -fno-common -g -O2 -fno-strict-aliasing  conftest.c >&5
configure:13659: $? = 0
configure:13659: result: yes
configure:13659: checking netinet/in.h presence
configure:13659: gcc -E  conftest.c
configure:13659: $? = 0
configure:13659: result: yes
configure:13659: checking for netinet/in.h
configure:13659: result: yes
configure:13659: checking netinet/tcp.h usability
configure:13659: gcc -c -no-cpp-precomp -fno-common -g -O2 -fno-strict-aliasing  conftest.c >&5
configure:13659: $? = 0
configure:13659: result: yes
configure:13659: checking netinet/tcp.h presence
configure:13659: gcc -E  conftest.c
configure:13659: $? = 0
configure:13659: result: yes
configure:13659: checking for netinet/tcp.h
configure:13659: result: yes
configure:13659: checking time.h usability
configure:13659: gcc -c -no-cpp-precomp -fno-common -g -O2 -fno-strict-aliasing  conftest.c >&5
configure:13659: $? = 0
configure:13659: result: yes
configure:13659: checking time.h presence
configure:13659: gcc -E  conftest.c
configure:13659: $? = 0
configure:13659: result: yes
configure:13659: checking for time.h
configure:13659: result: yes
configure:13659: checking sys/socket.h usability
configure:13659: gcc -c -no-cpp-precomp -fno-common -g -O2 -fno-strict-aliasing  conftest.c >&5
configure:13659: $? = 0
configure:13659: result: yes
configure:13659: checking sys/socket.h presence
configure:13659: gcc -E  conftest.c
configure:13659: $? = 0
configure:13659: result: yes
configure:13659: checking for sys/socket.h
configure:13659: result: yes
configure:13659: checking sys/mman.h usability
configure:13659: gcc -c -no-cpp-precomp -fno-common -g -O2 -fno-strict-aliasing  conftest.c >&5
configure:13659: $? = 0
configure:13659: result: yes
configure:13659: checking sys/mman.h presence
configure:13659: gcc -E  conftest.c
configure:13659: $? = 0
configure:13659: result: yes
configure:13659: checking for sys/mman.h
configure:13659: result: yes
configure:13659: checking arpa/inet.h usability
configure:13659: gcc -c -no-cpp-precomp -fno-common -g -O2 -fno-strict-aliasing  conftest.c >&5
configure:13659: $? = 0
configure:13659: result: yes
configure:13659: checking arpa/inet.h presence
configure:13659: gcc -E  conftest.c
configure:13659: $? = 0
configure:13659: result: yes
configure:13659: checking for arpa/inet.h
configure:13659: result: yes
configure:13659: checking sys/select.h usability
configure:13659: gcc -c -no-cpp-precomp -fno-common -g -O2 -fno-strict-aliasing  conftest.c >&5
configure:13659: $? = 0
configure:13659: result: yes
configure:13659: checking sys/select.h presence
configure:13659: gcc -E  conftest.c
configure:13659: $? = 0
configure:13659: result: yes
configure:13659: checking for sys/select.h
configure:13659: result: yes
configure:13659: checking poll.h usability
configure:13659: gcc -c -no-cpp-precomp -fno-common -g -O2 -fno-strict-aliasing  conftest.c >&5
configure:13659: $? = 0
configure:13659: result: yes
configure:13659: checking poll.h presence
configure:13659: gcc -E  conftest.c
configure:13659: $? = 0
configure:13659: result: yes
configure:13659: checking for poll.h
configure:13659: result: yes
configure:13659: checking search.h usability
configure:13659: gcc -c -no-cpp-precomp -fno-common -g -O2 -fno-strict-aliasing  conftest.c >&5
configure:13659: $? = 0
configure:13659: result: yes
configure:13659: checking search.h presence
configure:13659: gcc -E  conftest.c
configure:13659: $? = 0
configure:13659: result: yes
configure:13659: checking for search.h
configure:13659: result: yes
configure:13678: checking for struct sockaddr_in.sin_len
configure:13678: gcc -c -no-cpp-precomp -fno-common -g -O2 -fno-strict-aliasing  conftest.c >&5
configure:13678: $? = 0
configure:13678: result: yes
configure:13699: checking whether to enable signaling by socketpair
configure:13762: result: no
configure:13782: checking for memmem
configure:13782: gcc -o conftest -no-cpp-precomp -fno-common -g -O2 -fno-strict-aliasing   conftest.c  >&5
configure:13782: $? = 0
configure:13782: result: yes
configure:13782: checking for accept4
configure:13782: gcc -o conftest -no-cpp-precomp -fno-common -g -O2 -fno-strict-aliasing   conftest.c  >&5
Undefined symbols for architecture x86_64:
  "_accept4", referenced from:
      _main in conftest-71e982.o
ld: symbol(s) not found for architecture x86_64
clang: error: linker command failed with exit code 1 (use -v to see invocation)
configure:13782: $? = 1
configure: failed program was:
| /* confdefs.h */
| #define PACKAGE_NAME "libmicrohttpd"
| #define PACKAGE_TARNAME "libmicrohttpd"
| #define PACKAGE_VERSION "0.9.39"
| #define PACKAGE_STRING "libmicrohttpd 0.9.39"
| #define PACKAGE_BUGREPORT "libmicrohttpd@gnu.org"
| #define PACKAGE_URL ""
| #define PACKAGE "libmicrohttpd"
| #define VERSION "0.9.39"
| #define STDC_HEADERS 1
| #define HAVE_SYS_TYPES_H 1
| #define HAVE_SYS_STAT_H 1
| #define HAVE_STDLIB_H 1
| #define HAVE_STRING_H 1
| #define HAVE_MEMORY_H 1
| #define HAVE_STRINGS_H 1
| #define HAVE_INTTYPES_H 1
| #define HAVE_STDINT_H 1
| #define HAVE_UNISTD_H 1
| #define HAVE_DLFCN_H 1
| #define LT_OBJDIR ".libs/"
| #define HAVE_PTHREAD_PRIO_INHERIT 1
| #define OSX 1
| #define MHD_USE_POSIX_THREADS 1
| #define EPOLL_SUPPORT 0
| #define HAVE_FCNTL_H 1
| #define HAVE_MATH_H 1
| #define HAVE_ERRNO_H 1
| #define HAVE_LIMITS_H 1
| #define HAVE_STDIO_H 1
| #define HAVE_LOCALE_H 1
| #define HAVE_SYS_STAT_H 1
| #define HAVE_SYS_TYPES_H 1
| #define HAVE_PTHREAD_H 1
| #define HAVE_SYS_TYPES_H 1
| #define HAVE_SYS_TIME_H 1
| #define HAVE_SYS_MSG_H 1
| #define HAVE_NETDB_H 1
| #define HAVE_NETINET_IN_H 1
| #define HAVE_NETINET_TCP_H 1
| #define HAVE_TIME_H 1
| #define HAVE_SYS_SOCKET_H 1
| #define HAVE_SYS_MMAN_H 1
| #define HAVE_ARPA_INET_H 1
| #define HAVE_SYS_SELECT_H 1
| #define HAVE_POLL_H 1
| #define HAVE_SEARCH_H 1
| #define HAVE_SOCKADDR_IN_SIN_LEN 1
| #define HAVE_MEMMEM 1
| /* end confdefs.h.  */
| /* Define accept4 to an innocuous variant, in case <limits.h> declares accept4.
|    For example, HP-UX 11i <limits.h> declares gettimeofday.  */
| #define accept4 innocuous_accept4
| 
| /* System header to define __stub macros and hopefully few prototypes,
|     which can conflict with char accept4 (); below.
|     Prefer <limits.h> to <assert.h> if __STDC__ is defined, since
|     <limits.h> exists even on freestanding compilers.  */
| 
| #ifdef __STDC__
| # include <limits.h>
| #else
| # include <assert.h>
| #endif
| 
| #undef accept4
| 
| /* Override any GCC internal prototype to avoid an error.
|    Use char because int might match the return type of a GCC
|    builtin and then its argument prototype would still apply.  */
| #ifdef __cplusplus
| extern "C"
| #endif
| char accept4 ();
| /* The GNU C library defines this for functions which it implements
|     to always fail with ENOSYS.  Some functions are actually named
|     something starting with __ and the normal name is an alias.  */
| #if defined __stub_accept4 || defined __stub___accept4
| choke me
| #endif
| 
| int
| main ()
| {
| return accept4 ();
|   ;
|   return 0;
| }
configure:13782: result: no
configure:13796: checking for gmtime_s
configure:13810: gcc -o conftest -no-cpp-precomp -fno-common -g -O2 -fno-strict-aliasing   conftest.c  >&5
conftest.c:55:37: warning: implicit declaration of function 'gmtime_s' is invalid in C99 [-Wimplicit-function-declaration]
struct tm now; time_t t; time (&t); gmtime_s (&now, &t)
                                    ^
1 warning generated.
Undefined symbols for architecture x86_64:
  "_gmtime_s", referenced from:
      _main in conftest-3a3dca.o
ld: symbol(s) not found for architecture x86_64
clang: error: linker command failed with exit code 1 (use -v to see invocation)
configure:13810: $? = 1
configure: failed program was:
| /* confdefs.h */
| #define PACKAGE_NAME "libmicrohttpd"
| #define PACKAGE_TARNAME "libmicrohttpd"
| #define PACKAGE_VERSION "0.9.39"
| #define PACKAGE_STRING "libmicrohttpd 0.9.39"
| #define PACKAGE_BUGREPORT "libmicrohttpd@gnu.org"
| #define PACKAGE_URL ""
| #define PACKAGE "libmicrohttpd"
| #define VERSION "0.9.39"
| #define STDC_HEADERS 1
| #define HAVE_SYS_TYPES_H 1
| #define HAVE_SYS_STAT_H 1
| #define HAVE_STDLIB_H 1
| #define HAVE_STRING_H 1
| #define HAVE_MEMORY_H 1
| #define HAVE_STRINGS_H 1
| #define HAVE_INTTYPES_H 1
| #define HAVE_STDINT_H 1
| #define HAVE_UNISTD_H 1
| #define HAVE_DLFCN_H 1
| #define LT_OBJDIR ".libs/"
| #define HAVE_PTHREAD_PRIO_INHERIT 1
| #define OSX 1
| #define MHD_USE_POSIX_THREADS 1
| #define EPOLL_SUPPORT 0
| #define HAVE_FCNTL_H 1
| #define HAVE_MATH_H 1
| #define HAVE_ERRNO_H 1
| #define HAVE_LIMITS_H 1
| #define HAVE_STDIO_H 1
| #define HAVE_LOCALE_H 1
| #define HAVE_SYS_STAT_H 1
| #define HAVE_SYS_TYPES_H 1
| #define HAVE_PTHREAD_H 1
| #define HAVE_SYS_TYPES_H 1
| #define HAVE_SYS_TIME_H 1
| #define HAVE_SYS_MSG_H 1
| #define HAVE_NETDB_H 1
| #define HAVE_NETINET_IN_H 1
| #define HAVE_NETINET_TCP_H 1
| #define HAVE_TIME_H 1
| #define HAVE_SYS_SOCKET_H 1
| #define HAVE_SYS_MMAN_H 1
| #define HAVE_ARPA_INET_H 1
| #define HAVE_SYS_SELECT_H 1
| #define HAVE_POLL_H 1
| #define HAVE_SEARCH_H 1
| #define HAVE_SOCKADDR_IN_SIN_LEN 1
| #define HAVE_MEMMEM 1
| /* end confdefs.h.  */
|  #include <time.h>
| int
| main ()
| {
| struct tm now; time_t t; time (&t); gmtime_s (&now, &t)
|   ;
|   return 0;
| }
| 
configure:13819: result: no
configure:13827: checking whether SOCK_NONBLOCK is declared
configure:13827: gcc -c -no-cpp-precomp -fno-common -g -O2 -fno-strict-aliasing  conftest.c >&5
conftest.c:69:10: error: use of undeclared identifier 'SOCK_NONBLOCK'
  (void) SOCK_NONBLOCK;
         ^
1 error generated.
configure:13827: $? = 1
configure: failed program was:
| /* confdefs.h */
| #define PACKAGE_NAME "libmicrohttpd"
| #define PACKAGE_TARNAME "libmicrohttpd"
| #define PACKAGE_VERSION "0.9.39"
| #define PACKAGE_STRING "libmicrohttpd 0.9.39"
| #define PACKAGE_BUGREPORT "libmicrohttpd@gnu.org"
| #define PACKAGE_URL ""
| #define PACKAGE "libmicrohttpd"
| #define VERSION "0.9.39"
| #define STDC_HEADERS 1
| #define HAVE_SYS_TYPES_H 1
| #define HAVE_SYS_STAT_H 1
| #define HAVE_STDLIB_H 1
| #define HAVE_STRING_H 1
| #define HAVE_MEMORY_H 1
| #define HAVE_STRINGS_H 1
| #define HAVE_INTTYPES_H 1
| #define HAVE_STDINT_H 1
| #define HAVE_UNISTD_H 1
| #define HAVE_DLFCN_H 1
| #define LT_OBJDIR ".libs/"
| #define HAVE_PTHREAD_PRIO_INHERIT 1
| #define OSX 1
| #define MHD_USE_POSIX_THREADS 1
| #define EPOLL_SUPPORT 0
| #define HAVE_FCNTL_H 1
| #define HAVE_MATH_H 1
| #define HAVE_ERRNO_H 1
| #define HAVE_LIMITS_H 1
| #define HAVE_STDIO_H 1
| #define HAVE_LOCALE_H 1
| #define HAVE_SYS_STAT_H 1
| #define HAVE_SYS_TYPES_H 1
| #define HAVE_PTHREAD_H 1
| #define HAVE_SYS_TYPES_H 1
| #define HAVE_SYS_TIME_H 1
| #define HAVE_SYS_MSG_H 1
| #define HAVE_NETDB_H 1
| #define HAVE_NETINET_IN_H 1
| #define HAVE_NETINET_TCP_H 1
| #define HAVE_TIME_H 1
| #define HAVE_SYS_SOCKET_H 1
| #define HAVE_SYS_MMAN_H 1
| #define HAVE_ARPA_INET_H 1
| #define HAVE_SYS_SELECT_H 1
| #define HAVE_POLL_H 1
| #define HAVE_SEARCH_H 1
| #define HAVE_SOCKADDR_IN_SIN_LEN 1
| #define HAVE_MEMMEM 1
| /* end confdefs.h.  */
| 
|                     #if defined HAVE_SYS_TYPES_H
|                     #  include <sys/types.h>
|                     #endif
|                     #if defined HAVE_SYS_SOCKET_H
|                     #  include <sys/socket.h>
|                     #elif defined HAVE_WINSOCK2_H
|                     #  include <winsock2.h>
|                     #endif
| 
| 
| int
| main ()
| {
| #ifndef SOCK_NONBLOCK
| #ifdef __cplusplus
|   (void) SOCK_NONBLOCK;
| #else
|   (void) SOCK_NONBLOCK;
| #endif
| #endif
| 
|   ;
|   return 0;
| }
configure:13827: result: no
configure:13855: checking for library containing clock_gettime
configure:13886: gcc -o conftest -no-cpp-precomp -fno-common -g -O2 -fno-strict-aliasing   conftest.c  >&5
Undefined symbols for architecture x86_64:
  "_clock_gettime", referenced from:
      _main in conftest-592fe8.o
ld: symbol(s) not found for architecture x86_64
clang: error: linker command failed with exit code 1 (use -v to see invocation)
configure:13886: $? = 1
configure: failed program was:
| /* confdefs.h */
| #define PACKAGE_NAME "libmicrohttpd"
| #define PACKAGE_TARNAME "libmicrohttpd"
| #define PACKAGE_VERSION "0.9.39"
| #define PACKAGE_STRING "libmicrohttpd 0.9.39"
| #define PACKAGE_BUGREPORT "libmicrohttpd@gnu.org"
| #define PACKAGE_URL ""
| #define PACKAGE "libmicrohttpd"
| #define VERSION "0.9.39"
| #define STDC_HEADERS 1
| #define HAVE_SYS_TYPES_H 1
| #define HAVE_SYS_STAT_H 1
| #define HAVE_STDLIB_H 1
| #define HAVE_STRING_H 1
| #define HAVE_MEMORY_H 1
| #define HAVE_STRINGS_H 1
| #define HAVE_INTTYPES_H 1
| #define HAVE_STDINT_H 1
| #define HAVE_UNISTD_H 1
| #define HAVE_DLFCN_H 1
| #define LT_OBJDIR ".libs/"
| #define HAVE_PTHREAD_PRIO_INHERIT 1
| #define OSX 1
| #define MHD_USE_POSIX_THREADS 1
| #define EPOLL_SUPPORT 0
| #define HAVE_FCNTL_H 1
| #define HAVE_MATH_H 1
| #define HAVE_ERRNO_H 1
| #define HAVE_LIMITS_H 1
| #define HAVE_STDIO_H 1
| #define HAVE_LOCALE_H 1
| #define HAVE_SYS_STAT_H 1
| #define HAVE_SYS_TYPES_H 1
| #define HAVE_PTHREAD_H 1
| #define HAVE_SYS_TYPES_H 1
| #define HAVE_SYS_TIME_H 1
| #define HAVE_SYS_MSG_H 1
| #define HAVE_NETDB_H 1
| #define HAVE_NETINET_IN_H 1
| #define HAVE_NETINET_TCP_H 1
| #define HAVE_TIME_H 1
| #define HAVE_SYS_SOCKET_H 1
| #define HAVE_SYS_MMAN_H 1
| #define HAVE_ARPA_INET_H 1
| #define HAVE_SYS_SELECT_H 1
| #define HAVE_POLL_H 1
| #define HAVE_SEARCH_H 1
| #define HAVE_SOCKADDR_IN_SIN_LEN 1
| #define HAVE_MEMMEM 1
| #define HAVE_DECL_SOCK_NONBLOCK 0
| /* end confdefs.h.  */
| 
| /* Override any GCC internal prototype to avoid an error.
|    Use char because int might match the return type of a GCC
|    builtin and then its argument prototype would still apply.  */
| #ifdef __cplusplus
| extern "C"
| #endif
| char clock_gettime ();
| int
| main ()
| {
| return clock_gettime ();
|   ;
|   return 0;
| }
configure:13886: gcc -o conftest -no-cpp-precomp -fno-common -g -O2 -fno-strict-aliasing   conftest.c -lrt   >&5
ld: library not found for -lrt
clang: error: linker command failed with exit code 1 (use -v to see invocation)
configure:13886: $? = 1
configure: failed program was:
| /* confdefs.h */
| #define PACKAGE_NAME "libmicrohttpd"
| #define PACKAGE_TARNAME "libmicrohttpd"
| #define PACKAGE_VERSION "0.9.39"
| #define PACKAGE_STRING "libmicrohttpd 0.9.39"
| #define PACKAGE_BUGREPORT "libmicrohttpd@gnu.org"
| #define PACKAGE_URL ""
| #define PACKAGE "libmicrohttpd"
| #define VERSION "0.9.39"
| #define STDC_HEADERS 1
| #define HAVE_SYS_TYPES_H 1
| #define HAVE_SYS_STAT_H 1
| #define HAVE_STDLIB_H 1
| #define HAVE_STRING_H 1
| #define HAVE_MEMORY_H 1
| #define HAVE_STRINGS_H 1
| #define HAVE_INTTYPES_H 1
| #define HAVE_STDINT_H 1
| #define HAVE_UNISTD_H 1
| #define HAVE_DLFCN_H 1
| #define LT_OBJDIR ".libs/"
| #define HAVE_PTHREAD_PRIO_INHERIT 1
| #define OSX 1
| #define MHD_USE_POSIX_THREADS 1
| #define EPOLL_SUPPORT 0
| #define HAVE_FCNTL_H 1
| #define HAVE_MATH_H 1
| #define HAVE_ERRNO_H 1
| #define HAVE_LIMITS_H 1
| #define HAVE_STDIO_H 1
| #define HAVE_LOCALE_H 1
| #define HAVE_SYS_STAT_H 1
| #define HAVE_SYS_TYPES_H 1
| #define HAVE_PTHREAD_H 1
| #define HAVE_SYS_TYPES_H 1
| #define HAVE_SYS_TIME_H 1
| #define HAVE_SYS_MSG_H 1
| #define HAVE_NETDB_H 1
| #define HAVE_NETINET_IN_H 1
| #define HAVE_NETINET_TCP_H 1
| #define HAVE_TIME_H 1
| #define HAVE_SYS_SOCKET_H 1
| #define HAVE_SYS_MMAN_H 1
| #define HAVE_ARPA_INET_H 1
| #define HAVE_SYS_SELECT_H 1
| #define HAVE_POLL_H 1
| #define HAVE_SEARCH_H 1
| #define HAVE_SOCKADDR_IN_SIN_LEN 1
| #define HAVE_MEMMEM 1
| #define HAVE_DECL_SOCK_NONBLOCK 0
| /* end confdefs.h.  */
| 
| /* Override any GCC internal prototype to avoid an error.
|    Use char because int might match the return type of a GCC
|    builtin and then its argument prototype would still apply.  */
| #ifdef __cplusplus
| extern "C"
| #endif
| char clock_gettime ();
| int
| main ()
| {
| return clock_gettime ();
|   ;
|   return 0;
| }
configure:13903: result: no
configure:13917: checking for IPv6
configure:13949: gcc -c -no-cpp-precomp -fno-common -g -O2 -fno-strict-aliasing  conftest.c >&5
configure:13949: $? = 0
configure:13962: result: yes
configure:13966: checking whether TCP_CORK is declared
configure:13966: gcc -c -no-cpp-precomp -fno-common -g -O2 -fno-strict-aliasing  conftest.c >&5
conftest.c:62:10: error: use of undeclared identifier 'TCP_CORK'
  (void) TCP_CORK;
         ^
1 error generated.
configure:13966: $? = 1
configure: failed program was:
| /* confdefs.h */
| #define PACKAGE_NAME "libmicrohttpd"
| #define PACKAGE_TARNAME "libmicrohttpd"
| #define PACKAGE_VERSION "0.9.39"
| #define PACKAGE_STRING "libmicrohttpd 0.9.39"
| #define PACKAGE_BUGREPORT "libmicrohttpd@gnu.org"
| #define PACKAGE_URL ""
| #define PACKAGE "libmicrohttpd"
| #define VERSION "0.9.39"
| #define STDC_HEADERS 1
| #define HAVE_SYS_TYPES_H 1
| #define HAVE_SYS_STAT_H 1
| #define HAVE_STDLIB_H 1
| #define HAVE_STRING_H 1
| #define HAVE_MEMORY_H 1
| #define HAVE_STRINGS_H 1
| #define HAVE_INTTYPES_H 1
| #define HAVE_STDINT_H 1
| #define HAVE_UNISTD_H 1
| #define HAVE_DLFCN_H 1
| #define LT_OBJDIR ".libs/"
| #define HAVE_PTHREAD_PRIO_INHERIT 1
| #define OSX 1
| #define MHD_USE_POSIX_THREADS 1
| #define EPOLL_SUPPORT 0
| #define HAVE_FCNTL_H 1
| #define HAVE_MATH_H 1
| #define HAVE_ERRNO_H 1
| #define HAVE_LIMITS_H 1
| #define HAVE_STDIO_H 1
| #define HAVE_LOCALE_H 1
| #define HAVE_SYS_STAT_H 1
| #define HAVE_SYS_TYPES_H 1
| #define HAVE_PTHREAD_H 1
| #define HAVE_SYS_TYPES_H 1
| #define HAVE_SYS_TIME_H 1
| #define HAVE_SYS_MSG_H 1
| #define HAVE_NETDB_H 1
| #define HAVE_NETINET_IN_H 1
| #define HAVE_NETINET_TCP_H 1
| #define HAVE_TIME_H 1
| #define HAVE_SYS_SOCKET_H 1
| #define HAVE_SYS_MMAN_H 1
| #define HAVE_ARPA_INET_H 1
| #define HAVE_SYS_SELECT_H 1
| #define HAVE_POLL_H 1
| #define HAVE_SEARCH_H 1
| #define HAVE_SOCKADDR_IN_SIN_LEN 1
| #define HAVE_MEMMEM 1
| #define HAVE_DECL_SOCK_NONBLOCK 0
| #define HAVE_INET6 1
| /* end confdefs.h.  */
| #include <netinet/tcp.h>
| 
| int
| main ()
| {
| #ifndef TCP_CORK
| #ifdef __cplusplus
|   (void) TCP_CORK;
| #else
|   (void) TCP_CORK;
| #endif
| #endif
| 
|   ;
|   return 0;
| }
configure:13966: result: no
configure:13977: checking whether TCP_NOPUSH is declared
configure:13977: gcc -c -no-cpp-precomp -fno-common -g -O2 -fno-strict-aliasing  conftest.c >&5
configure:13977: $? = 0
configure:13977: result: yes
configure:13999: checking whether the linker accepts -fvisibility=hidden
configure:14018: gcc -o conftest -no-cpp-precomp -fno-common -g -O2 -fno-strict-aliasing    -fvisibility=hidden conftest.c  >&5
configure:14018: $? = 0
configure:14027: result: yes
configure:14030: checking whether C compiler accepts -fvisibility=hidden
configure:14049: gcc -c -no-cpp-precomp -fno-common -g -O2 -fno-strict-aliasing  -fvisibility=hidden  conftest.c >&5
configure:14049: $? = 0
configure:14057: result: yes
configure:14503: checking for magic_open in -lmagic
configure:14528: gcc -o conftest -no-cpp-precomp -fno-common -g -O2 -fno-strict-aliasing   conftest.c -lmagic   >&5
ld: library not found for -lmagic
clang: error: linker command failed with exit code 1 (use -v to see invocation)
configure:14528: $? = 1
configure: failed program was:
| /* confdefs.h */
| #define PACKAGE_NAME "libmicrohttpd"
| #define PACKAGE_TARNAME "libmicrohttpd"
| #define PACKAGE_VERSION "0.9.39"
| #define PACKAGE_STRING "libmicrohttpd 0.9.39"
| #define PACKAGE_BUGREPORT "libmicrohttpd@gnu.org"
| #define PACKAGE_URL ""
| #define PACKAGE "libmicrohttpd"
| #define VERSION "0.9.39"
| #define STDC_HEADERS 1
| #define HAVE_SYS_TYPES_H 1
| #define HAVE_SYS_STAT_H 1
| #define HAVE_STDLIB_H 1
| #define HAVE_STRING_H 1
| #define HAVE_MEMORY_H 1
| #define HAVE_STRINGS_H 1
| #define HAVE_INTTYPES_H 1
| #define HAVE_STDINT_H 1
| #define HAVE_UNISTD_H 1
| #define HAVE_DLFCN_H 1
| #define LT_OBJDIR ".libs/"
| #define HAVE_PTHREAD_PRIO_INHERIT 1
| #define OSX 1
| #define MHD_USE_POSIX_THREADS 1
| #define EPOLL_SUPPORT 0
| #define HAVE_FCNTL_H 1
| #define HAVE_MATH_H 1
| #define HAVE_ERRNO_H 1
| #define HAVE_LIMITS_H 1
| #define HAVE_STDIO_H 1
| #define HAVE_LOCALE_H 1
| #define HAVE_SYS_STAT_H 1
| #define HAVE_SYS_TYPES_H 1
| #define HAVE_PTHREAD_H 1
| #define HAVE_SYS_TYPES_H 1
| #define HAVE_SYS_TIME_H 1
| #define HAVE_SYS_MSG_H 1
| #define HAVE_NETDB_H 1
| #define HAVE_NETINET_IN_H 1
| #define HAVE_NETINET_TCP_H 1
| #define HAVE_TIME_H 1
| #define HAVE_SYS_SOCKET_H 1
| #define HAVE_SYS_MMAN_H 1
| #define HAVE_ARPA_INET_H 1
| #define HAVE_SYS_SELECT_H 1
| #define HAVE_POLL_H 1
| #define HAVE_SEARCH_H 1
| #define HAVE_SOCKADDR_IN_SIN_LEN 1
| #define HAVE_MEMMEM 1
| #define HAVE_DECL_SOCK_NONBLOCK 0
| #define HAVE_INET6 1
| #define HAVE_DECL_TCP_CORK 0
| #define HAVE_DECL_TCP_NOPUSH 1
| #define _MHD_EXTERN __attribute__((visibility("default"))) extern
| /* end confdefs.h.  */
| 
| /* Override any GCC internal prototype to avoid an error.
|    Use char because int might match the return type of a GCC
|    builtin and then its argument prototype would still apply.  */
| #ifdef __cplusplus
| extern "C"
| #endif
| char magic_open ();
| int
| main ()
| {
| return magic_open ();
|   ;
|   return 0;
| }
configure:14537: result: no
configure:14614: checking for pkg-config
configure:14632: found /usr/local/bin/pkg-config
configure:14644: result: /usr/local/bin/pkg-config
configure:14700: checking whether compiling and linking against OpenSSL works
Trying link with OPENSSL_LDFLAGS=; OPENSSL_LIBS=-lssl -lcrypto -lz ; OPENSSL_INCLUDES=
configure:14722: gcc -o conftest -no-cpp-precomp -fno-common -g -O2 -fno-strict-aliasing     conftest.c -lssl -lcrypto -lz   >&5
conftest.c:60:1: warning: 'SSL_new' is deprecated: first deprecated in OS X 10.7 [-Wdeprecated-declarations]
SSL_new(NULL)
^
/usr/include/openssl/ssl.h:1497:7: note: 'SSL_new' has been explicitly marked deprecated here
SSL *   SSL_new(SSL_CTX *ctx) DEPRECATED_IN_MAC_OS_X_VERSION_10_7_AND_LATER;
        ^
1 warning generated.
configure:14722: $? = 0
configure:14724: result: yes
configure:14753: checking openssl/evp.h usability
configure:14753: gcc -c -no-cpp-precomp -fno-common -g -O2 -fno-strict-aliasing   conftest.c >&5
configure:14753: $? = 0
configure:14753: result: yes
configure:14753: checking openssl/evp.h presence
configure:14753: gcc -E   conftest.c
configure:14753: $? = 0
configure:14753: result: yes
configure:14753: checking for openssl/evp.h
configure:14753: result: yes
configure:14753: checking openssl/rsa.h usability
configure:14753: gcc -c -no-cpp-precomp -fno-common -g -O2 -fno-strict-aliasing   conftest.c >&5
configure:14753: $? = 0
configure:14753: result: yes
configure:14753: checking openssl/rsa.h presence
configure:14753: gcc -E   conftest.c
configure:14753: $? = 0
configure:14753: result: yes
configure:14753: checking for openssl/rsa.h
configure:14753: result: yes
configure:14753: checking openssl/rand.h usability
configure:14753: gcc -c -no-cpp-precomp -fno-common -g -O2 -fno-strict-aliasing   conftest.c >&5
configure:14753: $? = 0
configure:14753: result: yes
configure:14753: checking openssl/rand.h presence
configure:14753: gcc -E   conftest.c
configure:14753: $? = 0
configure:14753: result: yes
configure:14753: checking for openssl/rand.h
configure:14753: result: yes
configure:14753: checking openssl/err.h usability
configure:14753: gcc -c -no-cpp-precomp -fno-common -g -O2 -fno-strict-aliasing   conftest.c >&5
configure:14753: $? = 0
configure:14753: result: yes
configure:14753: checking openssl/err.h presence
configure:14753: gcc -E   conftest.c
configure:14753: $? = 0
configure:14753: result: yes
configure:14753: checking for openssl/err.h
configure:14753: result: yes
configure:14753: checking openssl/sha.h usability
configure:14753: gcc -c -no-cpp-precomp -fno-common -g -O2 -fno-strict-aliasing   conftest.c >&5
configure:14753: $? = 0
configure:14753: result: yes
configure:14753: checking openssl/sha.h presence
configure:14753: gcc -E   conftest.c
configure:14753: $? = 0
configure:14753: result: yes
configure:14753: checking for openssl/sha.h
configure:14753: result: yes
configure:14753: checking openssl/pem.h usability
configure:14753: gcc -c -no-cpp-precomp -fno-common -g -O2 -fno-strict-aliasing   conftest.c >&5
configure:14753: $? = 0
configure:14753: result: yes
configure:14753: checking openssl/pem.h presence
configure:14753: gcc -E   conftest.c
configure:14753: $? = 0
configure:14753: result: yes
configure:14753: checking for openssl/pem.h
configure:14753: result: yes
configure:14753: checking openssl/engine.h usability
configure:14753: gcc -c -no-cpp-precomp -fno-common -g -O2 -fno-strict-aliasing   conftest.c >&5
configure:14753: $? = 0
configure:14753: result: yes
configure:14753: checking openssl/engine.h presence
configure:14753: gcc -E   conftest.c
configure:14753: $? = 0
configure:14753: result: yes
configure:14753: checking for openssl/engine.h
configure:14753: result: yes
configure:14772: checking for SSL_CTX_set_next_protos_advertised_cb
configure:14772: gcc -o conftest -no-cpp-precomp -fno-common -g -O2 -fno-strict-aliasing     conftest.c -lssl -lcrypto -lz   >&5
Undefined symbols for architecture x86_64:
  "_SSL_CTX_set_next_protos_advertised_cb", referenced from:
      _main in conftest-c4dac1.o
ld: symbol(s) not found for architecture x86_64
clang: error: linker command failed with exit code 1 (use -v to see invocation)
configure:14772: $? = 1
configure: failed program was:
| /* confdefs.h */
| #define PACKAGE_NAME "libmicrohttpd"
| #define PACKAGE_TARNAME "libmicrohttpd"
| #define PACKAGE_VERSION "0.9.39"
| #define PACKAGE_STRING "libmicrohttpd 0.9.39"
| #define PACKAGE_BUGREPORT "libmicrohttpd@gnu.org"
| #define PACKAGE_URL ""
| #define PACKAGE "libmicrohttpd"
| #define VERSION "0.9.39"
| #define STDC_HEADERS 1
| #define HAVE_SYS_TYPES_H 1
| #define HAVE_SYS_STAT_H 1
| #define HAVE_STDLIB_H 1
| #define HAVE_STRING_H 1
| #define HAVE_MEMORY_H 1
| #define HAVE_STRINGS_H 1
| #define HAVE_INTTYPES_H 1
| #define HAVE_STDINT_H 1
| #define HAVE_UNISTD_H 1
| #define HAVE_DLFCN_H 1
| #define LT_OBJDIR ".libs/"
| #define HAVE_PTHREAD_PRIO_INHERIT 1
| #define OSX 1
| #define MHD_USE_POSIX_THREADS 1
| #define EPOLL_SUPPORT 0
| #define HAVE_FCNTL_H 1
| #define HAVE_MATH_H 1
| #define HAVE_ERRNO_H 1
| #define HAVE_LIMITS_H 1
| #define HAVE_STDIO_H 1
| #define HAVE_LOCALE_H 1
| #define HAVE_SYS_STAT_H 1
| #define HAVE_SYS_TYPES_H 1
| #define HAVE_PTHREAD_H 1
| #define HAVE_SYS_TYPES_H 1
| #define HAVE_SYS_TIME_H 1
| #define HAVE_SYS_MSG_H 1
| #define HAVE_NETDB_H 1
| #define HAVE_NETINET_IN_H 1
| #define HAVE_NETINET_TCP_H 1
| #define HAVE_TIME_H 1
| #define HAVE_SYS_SOCKET_H 1
| #define HAVE_SYS_MMAN_H 1
| #define HAVE_ARPA_INET_H 1
| #define HAVE_SYS_SELECT_H 1
| #define HAVE_POLL_H 1
| #define HAVE_SEARCH_H 1
| #define HAVE_SOCKADDR_IN_SIN_LEN 1
| #define HAVE_MEMMEM 1
| #define HAVE_DECL_SOCK_NONBLOCK 0
| #define HAVE_INET6 1
| #define HAVE_DECL_TCP_CORK 0
| #define HAVE_DECL_TCP_NOPUSH 1
| #define _MHD_EXTERN __attribute__((visibility("default"))) extern
| #define HAVE_OPENSSL_EVP_H 1
| #define HAVE_OPENSSL_RSA_H 1
| #define HAVE_OPENSSL_RAND_H 1
| #define HAVE_OPENSSL_ERR_H 1
| #define HAVE_OPENSSL_SHA_H 1
| #define HAVE_OPENSSL_PEM_H 1
| #define HAVE_OPENSSL_ENGINE_H 1
| /* end confdefs.h.  */
| /* Define SSL_CTX_set_next_protos_advertised_cb to an innocuous variant, in case <limits.h> declares SSL_CTX_set_next_protos_advertised_cb.
|    For example, HP-UX 11i <limits.h> declares gettimeofday.  */
| #define SSL_CTX_set_next_protos_advertised_cb innocuous_SSL_CTX_set_next_protos_advertised_cb
| 
| /* System header to define __stub macros and hopefully few prototypes,
|     which can conflict with char SSL_CTX_set_next_protos_advertised_cb (); below.
|     Prefer <limits.h> to <assert.h> if __STDC__ is defined, since
|     <limits.h> exists even on freestanding compilers.  */
| 
| #ifdef __STDC__
| # include <limits.h>
| #else
| # include <assert.h>
| #endif
| 
| #undef SSL_CTX_set_next_protos_advertised_cb
| 
| /* Override any GCC internal prototype to avoid an error.
|    Use char because int might match the return type of a GCC
|    builtin and then its argument prototype would still apply.  */
| #ifdef __cplusplus
| extern "C"
| #endif
| char SSL_CTX_set_next_protos_advertised_cb ();
| /* The GNU C library defines this for functions which it implements
|     to always fail with ENOSYS.  Some functions are actually named
|     something starting with __ and the normal name is an alias.  */
| #if defined __stub_SSL_CTX_set_next_protos_advertised_cb || defined __stub___SSL_CTX_set_next_protos_advertised_cb
| choke me
| #endif
| 
| int
| main ()
| {
| return SSL_CTX_set_next_protos_advertised_cb ();
|   ;
|   return 0;
| }
configure:14772: result: no
configure:14833: checking whether we have OpenSSL and thus can support libmicrospdy
configure:14835: result: no
configure:14852: checking spdylay/spdylay.h usability
configure:14852: gcc -c -no-cpp-precomp -fno-common -g -O2 -fno-strict-aliasing  conftest.c >&5
conftest.c:97:10: fatal error: 'spdylay/spdylay.h' file not found
#include <spdylay/spdylay.h>
         ^
1 error generated.
configure:14852: $? = 1
configure: failed program was:
| /* confdefs.h */
| #define PACKAGE_NAME "libmicrohttpd"
| #define PACKAGE_TARNAME "libmicrohttpd"
| #define PACKAGE_VERSION "0.9.39"
| #define PACKAGE_STRING "libmicrohttpd 0.9.39"
| #define PACKAGE_BUGREPORT "libmicrohttpd@gnu.org"
| #define PACKAGE_URL ""
| #define PACKAGE "libmicrohttpd"
| #define VERSION "0.9.39"
| #define STDC_HEADERS 1
| #define HAVE_SYS_TYPES_H 1
| #define HAVE_SYS_STAT_H 1
| #define HAVE_STDLIB_H 1
| #define HAVE_STRING_H 1
| #define HAVE_MEMORY_H 1
| #define HAVE_STRINGS_H 1
| #define HAVE_INTTYPES_H 1
| #define HAVE_STDINT_H 1
| #define HAVE_UNISTD_H 1
| #define HAVE_DLFCN_H 1
| #define LT_OBJDIR ".libs/"
| #define HAVE_PTHREAD_PRIO_INHERIT 1
| #define OSX 1
| #define MHD_USE_POSIX_THREADS 1
| #define EPOLL_SUPPORT 0
| #define HAVE_FCNTL_H 1
| #define HAVE_MATH_H 1
| #define HAVE_ERRNO_H 1
| #define HAVE_LIMITS_H 1
| #define HAVE_STDIO_H 1
| #define HAVE_LOCALE_H 1
| #define HAVE_SYS_STAT_H 1
| #define HAVE_SYS_TYPES_H 1
| #define HAVE_PTHREAD_H 1
| #define HAVE_SYS_TYPES_H 1
| #define HAVE_SYS_TIME_H 1
| #define HAVE_SYS_MSG_H 1
| #define HAVE_NETDB_H 1
| #define HAVE_NETINET_IN_H 1
| #define HAVE_NETINET_TCP_H 1
| #define HAVE_TIME_H 1
| #define HAVE_SYS_SOCKET_H 1
| #define HAVE_SYS_MMAN_H 1
| #define HAVE_ARPA_INET_H 1
| #define HAVE_SYS_SELECT_H 1
| #define HAVE_POLL_H 1
| #define HAVE_SEARCH_H 1
| #define HAVE_SOCKADDR_IN_SIN_LEN 1
| #define HAVE_MEMMEM 1
| #define HAVE_DECL_SOCK_NONBLOCK 0
| #define HAVE_INET6 1
| #define HAVE_DECL_TCP_CORK 0
| #define HAVE_DECL_TCP_NOPUSH 1
| #define _MHD_EXTERN __attribute__((visibility("default"))) extern
| #define HAVE_OPENSSL_EVP_H 1
| #define HAVE_OPENSSL_RSA_H 1
| #define HAVE_OPENSSL_RAND_H 1
| #define HAVE_OPENSSL_ERR_H 1
| #define HAVE_OPENSSL_SHA_H 1
| #define HAVE_OPENSSL_PEM_H 1
| #define HAVE_OPENSSL_ENGINE_H 1
| #define SPDY_SUPPORT 0
| /* end confdefs.h.  */
| #include <stdio.h>
| #ifdef HAVE_SYS_TYPES_H
| # include <sys/types.h>
| #endif
| #ifdef HAVE_SYS_STAT_H
| # include <sys/stat.h>
| #endif
| #ifdef STDC_HEADERS
| # include <stdlib.h>
| # include <stddef.h>
| #else
| # ifdef HAVE_STDLIB_H
| #  include <stdlib.h>
| # endif
| #endif
| #ifdef HAVE_STRING_H
| # if !defined STDC_HEADERS && defined HAVE_MEMORY_H
| #  include <memory.h>
| # endif
| # include <string.h>
| #endif
| #ifdef HAVE_STRINGS_H
| # include <strings.h>
| #endif
| #ifdef HAVE_INTTYPES_H
| # include <inttypes.h>
| #endif
| #ifdef HAVE_STDINT_H
| # include <stdint.h>
| #endif
| #ifdef HAVE_UNISTD_H
| # include <unistd.h>
| #endif
| #include <spdylay/spdylay.h>
configure:14852: result: no
configure:14852: checking spdylay/spdylay.h presence
configure:14852: gcc -E  conftest.c
conftest.c:64:10: fatal error: 'spdylay/spdylay.h' file not found
#include <spdylay/spdylay.h>
         ^
1 error generated.
configure:14852: $? = 1
configure: failed program was:
| /* confdefs.h */
| #define PACKAGE_NAME "libmicrohttpd"
| #define PACKAGE_TARNAME "libmicrohttpd"
| #define PACKAGE_VERSION "0.9.39"
| #define PACKAGE_STRING "libmicrohttpd 0.9.39"
| #define PACKAGE_BUGREPORT "libmicrohttpd@gnu.org"
| #define PACKAGE_URL ""
| #define PACKAGE "libmicrohttpd"
| #define VERSION "0.9.39"
| #define STDC_HEADERS 1
| #define HAVE_SYS_TYPES_H 1
| #define HAVE_SYS_STAT_H 1
| #define HAVE_STDLIB_H 1
| #define HAVE_STRING_H 1
| #define HAVE_MEMORY_H 1
| #define HAVE_STRINGS_H 1
| #define HAVE_INTTYPES_H 1
| #define HAVE_STDINT_H 1
| #define HAVE_UNISTD_H 1
| #define HAVE_DLFCN_H 1
| #define LT_OBJDIR ".libs/"
| #define HAVE_PTHREAD_PRIO_INHERIT 1
| #define OSX 1
| #define MHD_USE_POSIX_THREADS 1
| #define EPOLL_SUPPORT 0
| #define HAVE_FCNTL_H 1
| #define HAVE_MATH_H 1
| #define HAVE_ERRNO_H 1
| #define HAVE_LIMITS_H 1
| #define HAVE_STDIO_H 1
| #define HAVE_LOCALE_H 1
| #define HAVE_SYS_STAT_H 1
| #define HAVE_SYS_TYPES_H 1
| #define HAVE_PTHREAD_H 1
| #define HAVE_SYS_TYPES_H 1
| #define HAVE_SYS_TIME_H 1
| #define HAVE_SYS_MSG_H 1
| #define HAVE_NETDB_H 1
| #define HAVE_NETINET_IN_H 1
| #define HAVE_NETINET_TCP_H 1
| #define HAVE_TIME_H 1
| #define HAVE_SYS_SOCKET_H 1
| #define HAVE_SYS_MMAN_H 1
| #define HAVE_ARPA_INET_H 1
| #define HAVE_SYS_SELECT_H 1
| #define HAVE_POLL_H 1
| #define HAVE_SEARCH_H 1
| #define HAVE_SOCKADDR_IN_SIN_LEN 1
| #define HAVE_MEMMEM 1
| #define HAVE_DECL_SOCK_NONBLOCK 0
| #define HAVE_INET6 1
| #define HAVE_DECL_TCP_CORK 0
| #define HAVE_DECL_TCP_NOPUSH 1
| #define _MHD_EXTERN __attribute__((visibility("default"))) extern
| #define HAVE_OPENSSL_EVP_H 1
| #define HAVE_OPENSSL_RSA_H 1
| #define HAVE_OPENSSL_RAND_H 1
| #define HAVE_OPENSSL_ERR_H 1
| #define HAVE_OPENSSL_SHA_H 1
| #define HAVE_OPENSSL_PEM_H 1
| #define HAVE_OPENSSL_ENGINE_H 1
| #define SPDY_SUPPORT 0
| /* end confdefs.h.  */
| #include <spdylay/spdylay.h>
configure:14852: result: no
configure:14852: checking for spdylay/spdylay.h
configure:14852: result: no
configure:14881: checking for special C compiler options needed for large files
configure:14926: result: no
configure:14932: checking for _FILE_OFFSET_BITS value needed for large files
configure:14957: gcc -c -no-cpp-precomp -fno-common -g -O2 -fno-strict-aliasing  conftest.c >&5
configure:14957: $? = 0
configure:14989: result: no
configure:15074: checking for _LARGEFILE_SOURCE value needed for large files
configure:15093: gcc -o conftest -no-cpp-precomp -fno-common -g -O2 -fno-strict-aliasing   conftest.c  >&5
configure:15093: $? = 0
configure:15121: result: no
configure:15144: checking whether to generate error messages
configure:15153: result: yes
configure:15168: checking whether to enable postprocessor
configure:15178: result: yes
configure:15199: checking for zzuf
configure:15227: result: no
configure:15237: checking for socat
configure:15265: result: no
configure:15355: checking for libgcrypt-config
configure:15388: result: no
configure:15416: checking for LIBGCRYPT - version >= 1.2.2
configure:15453: result: no
configure:15540: checking for gnutls
configure:15833: result: --with-gnutls not specified
configure:15837: checking gnutls/gnutls.h usability
configure:15837: gcc -c -no-cpp-precomp -fno-common -g -O2 -fno-strict-aliasing  conftest.c >&5
conftest.c:100:10: fatal error: 'gnutls/gnutls.h' file not found
#include <gnutls/gnutls.h>
         ^
1 error generated.
configure:15837: $? = 1
configure: failed program was:
| /* confdefs.h */
| #define PACKAGE_NAME "libmicrohttpd"
| #define PACKAGE_TARNAME "libmicrohttpd"
| #define PACKAGE_VERSION "0.9.39"
| #define PACKAGE_STRING "libmicrohttpd 0.9.39"
| #define PACKAGE_BUGREPORT "libmicrohttpd@gnu.org"
| #define PACKAGE_URL ""
| #define PACKAGE "libmicrohttpd"
| #define VERSION "0.9.39"
| #define STDC_HEADERS 1
| #define HAVE_SYS_TYPES_H 1
| #define HAVE_SYS_STAT_H 1
| #define HAVE_STDLIB_H 1
| #define HAVE_STRING_H 1
| #define HAVE_MEMORY_H 1
| #define HAVE_STRINGS_H 1
| #define HAVE_INTTYPES_H 1
| #define HAVE_STDINT_H 1
| #define HAVE_UNISTD_H 1
| #define HAVE_DLFCN_H 1
| #define LT_OBJDIR ".libs/"
| #define HAVE_PTHREAD_PRIO_INHERIT 1
| #define OSX 1
| #define MHD_USE_POSIX_THREADS 1
| #define EPOLL_SUPPORT 0
| #define HAVE_FCNTL_H 1
| #define HAVE_MATH_H 1
| #define HAVE_ERRNO_H 1
| #define HAVE_LIMITS_H 1
| #define HAVE_STDIO_H 1
| #define HAVE_LOCALE_H 1
| #define HAVE_SYS_STAT_H 1
| #define HAVE_SYS_TYPES_H 1
| #define HAVE_PTHREAD_H 1
| #define HAVE_SYS_TYPES_H 1
| #define HAVE_SYS_TIME_H 1
| #define HAVE_SYS_MSG_H 1
| #define HAVE_NETDB_H 1
| #define HAVE_NETINET_IN_H 1
| #define HAVE_NETINET_TCP_H 1
| #define HAVE_TIME_H 1
| #define HAVE_SYS_SOCKET_H 1
| #define HAVE_SYS_MMAN_H 1
| #define HAVE_ARPA_INET_H 1
| #define HAVE_SYS_SELECT_H 1
| #define HAVE_POLL_H 1
| #define HAVE_SEARCH_H 1
| #define HAVE_SOCKADDR_IN_SIN_LEN 1
| #define HAVE_MEMMEM 1
| #define HAVE_DECL_SOCK_NONBLOCK 0
| #define HAVE_INET6 1
| #define HAVE_DECL_TCP_CORK 0
| #define HAVE_DECL_TCP_NOPUSH 1
| #define _MHD_EXTERN __attribute__((visibility("default"))) extern
| #define HAVE_OPENSSL_EVP_H 1
| #define HAVE_OPENSSL_RSA_H 1
| #define HAVE_OPENSSL_RAND_H 1
| #define HAVE_OPENSSL_ERR_H 1
| #define HAVE_OPENSSL_SHA_H 1
| #define HAVE_OPENSSL_PEM_H 1
| #define HAVE_OPENSSL_ENGINE_H 1
| #define SPDY_SUPPORT 0
| #define HAVE_FSEEKO 1
| #define HAVE_MESSAGES 1
| #define HAVE_POSTPROCESSOR 1
| /* end confdefs.h.  */
| #include <stdio.h>
| #ifdef HAVE_SYS_TYPES_H
| # include <sys/types.h>
| #endif
| #ifdef HAVE_SYS_STAT_H
| # include <sys/stat.h>
| #endif
| #ifdef STDC_HEADERS
| # include <stdlib.h>
| # include <stddef.h>
| #else
| # ifdef HAVE_STDLIB_H
| #  include <stdlib.h>
| # endif
| #endif
| #ifdef HAVE_STRING_H
| # if !defined STDC_HEADERS && defined HAVE_MEMORY_H
| #  include <memory.h>
| # endif
| # include <string.h>
| #endif
| #ifdef HAVE_STRINGS_H
| # include <strings.h>
| #endif
| #ifdef HAVE_INTTYPES_H
| # include <inttypes.h>
| #endif
| #ifdef HAVE_STDINT_H
| # include <stdint.h>
| #endif
| #ifdef HAVE_UNISTD_H
| # include <unistd.h>
| #endif
| #include <gnutls/gnutls.h>
configure:15837: result: no
configure:15837: checking gnutls/gnutls.h presence
configure:15837: gcc -E  conftest.c
conftest.c:67:10: fatal error: 'gnutls/gnutls.h' file not found
#include <gnutls/gnutls.h>
         ^
1 error generated.
configure:15837: $? = 1
configure: failed program was:
| /* confdefs.h */
| #define PACKAGE_NAME "libmicrohttpd"
| #define PACKAGE_TARNAME "libmicrohttpd"
| #define PACKAGE_VERSION "0.9.39"
| #define PACKAGE_STRING "libmicrohttpd 0.9.39"
| #define PACKAGE_BUGREPORT "libmicrohttpd@gnu.org"
| #define PACKAGE_URL ""
| #define PACKAGE "libmicrohttpd"
| #define VERSION "0.9.39"
| #define STDC_HEADERS 1
| #define HAVE_SYS_TYPES_H 1
| #define HAVE_SYS_STAT_H 1
| #define HAVE_STDLIB_H 1
| #define HAVE_STRING_H 1
| #define HAVE_MEMORY_H 1
| #define HAVE_STRINGS_H 1
| #define HAVE_INTTYPES_H 1
| #define HAVE_STDINT_H 1
| #define HAVE_UNISTD_H 1
| #define HAVE_DLFCN_H 1
| #define LT_OBJDIR ".libs/"
| #define HAVE_PTHREAD_PRIO_INHERIT 1
| #define OSX 1
| #define MHD_USE_POSIX_THREADS 1
| #define EPOLL_SUPPORT 0
| #define HAVE_FCNTL_H 1
| #define HAVE_MATH_H 1
| #define HAVE_ERRNO_H 1
| #define HAVE_LIMITS_H 1
| #define HAVE_STDIO_H 1
| #define HAVE_LOCALE_H 1
| #define HAVE_SYS_STAT_H 1
| #define HAVE_SYS_TYPES_H 1
| #define HAVE_PTHREAD_H 1
| #define HAVE_SYS_TYPES_H 1
| #define HAVE_SYS_TIME_H 1
| #define HAVE_SYS_MSG_H 1
| #define HAVE_NETDB_H 1
| #define HAVE_NETINET_IN_H 1
| #define HAVE_NETINET_TCP_H 1
| #define HAVE_TIME_H 1
| #define HAVE_SYS_SOCKET_H 1
| #define HAVE_SYS_MMAN_H 1
| #define HAVE_ARPA_INET_H 1
| #define HAVE_SYS_SELECT_H 1
| #define HAVE_POLL_H 1
| #define HAVE_SEARCH_H 1
| #define HAVE_SOCKADDR_IN_SIN_LEN 1
| #define HAVE_MEMMEM 1
| #define HAVE_DECL_SOCK_NONBLOCK 0
| #define HAVE_INET6 1
| #define HAVE_DECL_TCP_CORK 0
| #define HAVE_DECL_TCP_NOPUSH 1
| #define _MHD_EXTERN __attribute__((visibility("default"))) extern
| #define HAVE_OPENSSL_EVP_H 1
| #define HAVE_OPENSSL_RSA_H 1
| #define HAVE_OPENSSL_RAND_H 1
| #define HAVE_OPENSSL_ERR_H 1
| #define HAVE_OPENSSL_SHA_H 1
| #define HAVE_OPENSSL_PEM_H 1
| #define HAVE_OPENSSL_ENGINE_H 1
| #define SPDY_SUPPORT 0
| #define HAVE_FSEEKO 1
| #define HAVE_MESSAGES 1
| #define HAVE_POSTPROCESSOR 1
| /* end confdefs.h.  */
| #include <gnutls/gnutls.h>
configure:15837: result: no
configure:15837: checking for gnutls/gnutls.h
configure:15837: result: no
configure:15992: checking whether to support HTTPS
configure:16038: result: no (disabled)
configure:16051: checking whether to support HTTP basic authentication
configure:16071: result: yes
configure:16083: checking whether to support HTTP digest authentication
configure:16103: result: yes
configure:16119: checking whether to compile with support for code coverage analysis
configure:16128: result: no
configure:16142: checking the number of available CPUs
configure:16201: result: 8 
configure:16330: checking that generated files are newer than configure
configure:16336: result: done
configure:16472: creating ./config.status

## ---------------------- ##
## Running config.status. ##
## ---------------------- ##

This file was extended by libmicrohttpd config.status 0.9.39, which was
generated by GNU Autoconf 2.69.  Invocation command line was

  CONFIG_FILES    = 
  CONFIG_HEADERS  = 
  CONFIG_LINKS    = 
  CONFIG_COMMANDS = 
  $ ./config.status 

on Jonathans-MBP.fritz.box

config.status:1284: creating src/microhttpd/microhttpd_dll_res.rc
config.status:1284: creating libmicrohttpd.pc
config.status:1284: creating libmicrospdy.pc
config.status:1284: creating Makefile
config.status:1284: creating contrib/Makefile
config.status:1284: creating doc/Makefile
config.status:1284: creating doc/doxygen/Makefile
config.status:1284: creating doc/examples/Makefile
config.status:1284: creating m4/Makefile
config.status:1284: creating src/Makefile
config.status:1284: creating src/include/Makefile
config.status:1284: creating src/platform/Makefile
config.status:1284: creating src/microhttpd/Makefile
config.status:1284: creating src/microspdy/Makefile
config.status:1284: creating src/spdy2http/Makefile
config.status:1284: creating src/examples/Makefile
config.status:1284: creating src/testcurl/Makefile
config.status:1284: creating src/testcurl/https/Makefile
config.status:1284: creating src/testspdy/Makefile
config.status:1284: creating src/testzzuf/Makefile
config.status:1284: creating MHD_config.h
config.status:1513: executing depfiles commands
config.status:1513: executing libtool commands
configure:18956: Configuration Summary:
  Operating System:  darwin14.3.0
  Threading lib:     posix
  libcurl (testing): no, many unit tests will not run
  Target directory:  /Users/skar/Projects/pixelflut/PixSyncLib/deps/libs/microhttpd
  Messages:          yes
  Basic auth.:       yes
  Digest auth.:      yes
  Postproc:          yes
  HTTPS support:     no (disabled)
  epoll support:     no
  build docs:        no
  build examples:    no
  libmicrospdy:      no
  spdylay (testing): no

configure:18985:
  License         :  LGPL or eCos


## ---------------- ##
## Cache variables. ##
## ---------------- ##

ac_cv_build=x86_64-apple-darwin14.3.0
ac_cv_c_bigendian=no
ac_cv_c_compiler_gnu=yes
ac_cv_env_CC_set=
ac_cv_env_CC_value=
ac_cv_env_CFLAGS_set=
ac_cv_env_CFLAGS_value=
ac_cv_env_CPPFLAGS_set=
ac_cv_env_CPPFLAGS_value=
ac_cv_env_CPP_set=
ac_cv_env_CPP_value=
ac_cv_env_LDFLAGS_set=
ac_cv_env_LDFLAGS_value=
ac_cv_env_LIBS_set=
ac_cv_env_LIBS_value=
ac_cv_env_build_alias_set=
ac_cv_env_build_alias_value=
ac_cv_env_host_alias_set=
ac_cv_env_host_alias_value=
ac_cv_env_target_alias_set=
ac_cv_env_target_alias_value=
ac_cv_func_SSL_CTX_set_next_protos_advertised_cb=no
ac_cv_func_accept4=no
ac_cv_func_memmem=yes
ac_cv_have_decl_SOCK_NONBLOCK=no
ac_cv_have_decl_TCP_CORK=no
ac_cv_have_decl_TCP_NOPUSH=yes
ac_cv_header_arpa_inet_h=yes
ac_cv_header_dlfcn_h=yes
ac_cv_header_errno_h=yes
ac_cv_header_fcntl_h=yes
ac_cv_header_gnutls_gnutls_h=no
ac_cv_header_inttypes_h=yes
ac_cv_header_limits_h=yes
ac_cv_header_linux_version_h=no
ac_cv_header_locale_h=yes
ac_cv_header_math_h=yes
ac_cv_header_memory_h=yes
ac_cv_header_netdb_h=yes
ac_cv_header_netinet_in_h=yes
ac_cv_header_netinet_tcp_h=yes
ac_cv_header_openssl_engine_h=yes
ac_cv_header_openssl_err_h=yes
ac_cv_header_openssl_evp_h=yes
ac_cv_header_openssl_pem_h=yes
ac_cv_header_openssl_rand_h=yes
ac_cv_header_openssl_rsa_h=yes
ac_cv_header_openssl_sha_h=yes
ac_cv_header_poll_h=yes
ac_cv_header_pthread_h=yes
ac_cv_header_search_h=yes
ac_cv_header_spdylay_spdylay_h=no
ac_cv_header_stdc=yes
ac_cv_header_stdint_h=yes
ac_cv_header_stdio_h=yes
ac_cv_header_stdlib_h=yes
ac_cv_header_string_h=yes
ac_cv_header_strings_h=yes
ac_cv_header_sys_mman_h=yes
ac_cv_header_sys_msg_h=yes
ac_cv_header_sys_select_h=yes
ac_cv_header_sys_socket_h=yes
ac_cv_header_sys_stat_h=yes
ac_cv_header_sys_time_h=yes
ac_cv_header_sys_types_h=yes
ac_cv_header_time_h=yes
ac_cv_header_unistd_h=yes
ac_cv_header_windows_h=no
ac_cv_host=x86_64-apple-darwin14.3.0
ac_cv_lib_magic_magic_open=no
ac_cv_member_struct_sockaddr_in_sin_len=yes
ac_cv_objext=o
ac_cv_path_EGREP='/usr/bin/grep -E'
ac_cv_path_FGREP='/usr/bin/grep -F'
ac_cv_path_GREP=/usr/bin/grep
ac_cv_path_PKG_CONFIG=/usr/local/bin/pkg-config
ac_cv_path_SED=/usr/bin/sed
ac_cv_path_install='/usr/bin/install -c'
ac_cv_prog_AWK=awk
ac_cv_prog_CPP='gcc -E'
ac_cv_prog_HAVE_CURL_BINARY=yes
ac_cv_prog_HAVE_MAKEINFO_BINARY=yes
ac_cv_prog_ac_ct_AR=ar
ac_cv_prog_ac_ct_CC=gcc
ac_cv_prog_ac_ct_DSYMUTIL=dsymutil
ac_cv_prog_ac_ct_LIPO=lipo
ac_cv_prog_ac_ct_NMEDIT=nmedit
ac_cv_prog_ac_ct_OTOOL=otool
ac_cv_prog_ac_ct_RANLIB=ranlib
ac_cv_prog_ac_ct_STRIP=strip
ac_cv_prog_cc_c89=
ac_cv_prog_cc_g=yes
ac_cv_prog_have_socat=no
ac_cv_prog_have_zzuf=no
ac_cv_prog_make_make_set=yes
ac_cv_search_clock_gettime=no
ac_cv_sys_file_offset_bits=no
ac_cv_sys_largefile_CC=no
ac_cv_sys_largefile_source=no
am_cv_CC_dependencies_compiler_type=gcc3
am_cv_make_support_nested_variables=yes
am_cv_prog_cc_c_o=yes
ax_cv_PTHREAD_PRIO_INHERIT=yes
ax_cv_check_cflags___fno_strict_aliasing=yes
ax_cv_check_cflags___fvisibility_hidden=yes
ax_cv_check_ldflags___fno_strict_aliasing=yes
ax_cv_check_ldflags___fvisibility_hidden=yes
ax_cv_have_epoll=no
lt_cv_apple_cc_single_mod=yes
lt_cv_ar_at_file=no
lt_cv_deplibs_check_method=pass_all
lt_cv_file_magic_cmd='$MAGIC_CMD'
lt_cv_file_magic_test_file=
lt_cv_ld_exported_symbols_list=yes
lt_cv_ld_force_load=yes
lt_cv_ld_reload_flag=-r
lt_cv_nm_interface='BSD nm'
lt_cv_objdir=.libs
lt_cv_path_LD=/Applications/Xcode.app/Contents/Developer/Toolchains/XcodeDefault.xctoolchain/usr/bin/ld
lt_cv_path_NM=/usr/bin/nm
lt_cv_path_mainfest_tool=no
lt_cv_prog_compiler_c_o=yes
lt_cv_prog_compiler_c_o_RC=yes
lt_cv_prog_compiler_pic='-fno-common -DPIC'
lt_cv_prog_compiler_pic_works=yes
lt_cv_prog_compiler_rtti_exceptions=yes
lt_cv_prog_compiler_static_works=no
lt_cv_prog_gnu_ld=no
lt_cv_sharedlib_from_linklib_cmd='printf %s\n'
lt_cv_sys_global_symbol_pipe='sed -n -e '\''s/^.*[	 ]\([BCDEGRST][BCDEGRST]*\)[	 ][	 ]*_\([_A-Za-z][_A-Za-z0-9]*\)$/\1 _\2 \2/p'\'' | sed '\''/ __gnu_lto/d'\'''
lt_cv_sys_global_symbol_to_c_name_address='sed -n -e '\''s/^: \([^ ]*\)[ ]*$/  {\"\1\", (void *) 0},/p'\'' -e '\''s/^[BCDEGRST]* \([^ ]*\) \([^ ]*\)$/  {"\2", (void *) \&\2},/p'\'''
lt_cv_sys_global_symbol_to_c_name_address_lib_prefix='sed -n -e '\''s/^: \([^ ]*\)[ ]*$/  {\"\1\", (void *) 0},/p'\'' -e '\''s/^[BCDEGRST]* \([^ ]*\) \(lib[^ ]*\)$/  {"\2", (void *) \&\2},/p'\'' -e '\''s/^[BCDEGRST]* \([^ ]*\) \([^ ]*\)$/  {"lib\2", (void *) \&\2},/p'\'''
lt_cv_sys_global_symbol_to_cdecl='sed -n -e '\''s/^T .* \(.*\)$/extern int \1();/p'\'' -e '\''s/^[BCDEGRST]* .* \(.*\)$/extern char \1;/p'\'''
lt_cv_sys_max_cmd_len=196608
lt_cv_to_host_file_cmd=func_convert_file_noop
lt_cv_to_tool_file_cmd=func_convert_file_noop

## ----------------- ##
## Output variables. ##
## ----------------- ##

ACLOCAL='${SHELL} /Users/skar/Projects/pixelflut/PixSyncLib/deps/libmicrohttpd-0.9.39/missing aclocal-1.14'
AMDEPBACKSLASH='\'
AMDEP_FALSE='#'
AMDEP_TRUE=''
AMTAR='$${TAR-tar}'
AM_BACKSLASH='\'
AM_DEFAULT_V='$(AM_DEFAULT_VERBOSITY)'
AM_DEFAULT_VERBOSITY='1'
AM_V='$(V)'
AR='ar'
AS='as'
AUTOCONF='${SHELL} /Users/skar/Projects/pixelflut/PixSyncLib/deps/libmicrohttpd-0.9.39/missing autoconf'
AUTOHEADER='${SHELL} /Users/skar/Projects/pixelflut/PixSyncLib/deps/libmicrohttpd-0.9.39/missing autoheader'
AUTOMAKE='${SHELL} /Users/skar/Projects/pixelflut/PixSyncLib/deps/libmicrohttpd-0.9.39/missing automake-1.14'
AWK='awk'
BUILD_DOC_FALSE=''
BUILD_DOC_TRUE='#'
BUILD_EXAMPLES_FALSE=''
BUILD_EXAMPLES_TRUE='#'
CC='gcc'
CCDEPMODE='depmode=gcc3'
CFLAGS='-no-cpp-precomp -fno-common -g -O2 -fno-strict-aliasing'
CPP='gcc -E'
CPPFLAGS=''
CPU_COUNT='8'
CYGPATH_W='echo'
DEFS='-DHAVE_CONFIG_H'
DEPDIR='.deps'
DLLTOOL='false'
DSYMUTIL='dsymutil'
DUMPBIN=''
ECHO_C='\c'
ECHO_N=''
ECHO_T=''
EGREP='/usr/bin/grep -E'
ENABLE_BAUTH_FALSE='#'
ENABLE_BAUTH_TRUE=''
ENABLE_DAUTH_FALSE='#'
ENABLE_DAUTH_TRUE=''
ENABLE_HTTPS_FALSE=''
ENABLE_HTTPS_TRUE='#'
ENABLE_SPDY_FALSE=''
ENABLE_SPDY_TRUE='#'
EXEEXT=''
FGREP='/usr/bin/grep -F'
GNUTLS_CPPFLAGS=''
GNUTLS_LDFLAGS=''
GNUTLS_LIBS=''
GREP='/usr/bin/grep'
HAVE_CURL_BINARY='yes'
HAVE_CURL_BINARY_FALSE='#'
HAVE_CURL_BINARY_TRUE=''
HAVE_CURL_FALSE=''
HAVE_CURL_TRUE='#'
HAVE_GNUTLS_FALSE=''
HAVE_GNUTLS_SNI_FALSE=''
HAVE_GNUTLS_SNI_TRUE='#'
HAVE_GNUTLS_TRUE='#'
HAVE_MAGIC_FALSE=''
HAVE_MAGIC_TRUE='#'
HAVE_MAKEINFO_BINARY='yes'
HAVE_MAKEINFO_BINARY_FALSE='#'
HAVE_MAKEINFO_BINARY_TRUE=''
HAVE_OPENSSL_FALSE=''
HAVE_OPENSSL_TRUE='#'
HAVE_POSIX_THREADS_FALSE='#'
HAVE_POSIX_THREADS_TRUE=''
HAVE_POSTPROCESSOR_FALSE='#'
HAVE_POSTPROCESSOR_TRUE=''
HAVE_SOCAT_FALSE=''
HAVE_SOCAT_TRUE='#'
HAVE_SPDYLAY_FALSE=''
HAVE_SPDYLAY_TRUE='#'
HAVE_TSEARCH_FALSE='#'
HAVE_TSEARCH_TRUE=''
HAVE_W32_FALSE=''
HAVE_W32_TRUE='#'
HAVE_ZZUF_FALSE=''
HAVE_ZZUF_TRUE='#'
HIDDEN_VISIBILITY_CFLAGS='-fvisibility=hidden'
INSTALL_DATA='${INSTALL} -m 644'
INSTALL_PROGRAM='${INSTALL}'
INSTALL_SCRIPT='${INSTALL}'
INSTALL_STRIP_PROGRAM='$(install_sh) -c -s'
LD='/Applications/Xcode.app/Contents/Developer/Toolchains/XcodeDefault.xctoolchain/usr/bin/ld'
LDFLAGS=''
LIBCURL=''
LIBCURL_CPPFLAGS=''
LIBGCRYPT_CFLAGS=''
LIBGCRYPT_CONFIG='no'
LIBGCRYPT_LIBS=''
LIBOBJS=''
LIBS=''
LIBSPDY_VERSION_AGE='0'
LIBSPDY_VERSION_CURRENT='0'
LIBSPDY_VERSION_REVISION='0'
LIBTOOL='$(SHELL) $(top_builddir)/libtool'
LIB_VERSION_AGE='29'
LIB_VERSION_CURRENT='39'
LIB_VERSION_REVISION='0'
LIPO='lipo'
LN_S='ln -s'
LTLIBOBJS=''
MAKEINFO='${SHELL} /Users/skar/Projects/pixelflut/PixSyncLib/deps/libmicrohttpd-0.9.39/missing makeinfo'
MANIFEST_TOOL=':'
MHD_LIBDEPS=' '
MHD_LIB_CFLAGS=' -D_THREAD_SAFE -pthread'
MHD_LIB_CPPFLAGS=''
MHD_LIB_LDFLAGS=' -export-dynamic -no-undefined'
MKDIR_P='./install-sh -c -d'
MS_LIB_TOOL=''
NM='/usr/bin/nm'
NMEDIT='nmedit'
OBJDUMP='false'
OBJEXT='o'
OPENSSL_INCLUDES=''
OPENSSL_LDFLAGS=''
OPENSSL_LIBS='-lssl -lcrypto -lz '
OTOOL64=':'
OTOOL='otool'
PACKAGE='libmicrohttpd'
PACKAGE_BUGREPORT='libmicrohttpd@gnu.org'
PACKAGE_NAME='libmicrohttpd'
PACKAGE_STRING='libmicrohttpd 0.9.39'
PACKAGE_TARNAME='libmicrohttpd'
PACKAGE_URL=''
PACKAGE_VERSION='0.9.39'
PACKAGE_VERSION_MAJOR='0'
PACKAGE_VERSION_MINOR='9'
PACKAGE_VERSION_SUBMINOR='39'
PATH_SEPARATOR=':'
PKG_CONFIG='/usr/local/bin/pkg-config'
PTHREAD_CC='gcc'
PTHREAD_CFLAGS='-D_THREAD_SAFE -pthread'
PTHREAD_LIBS=''
RANLIB='ranlib'
RC=''
SED='/usr/bin/sed'
SET_MAKE=''
SHELL='/bin/sh'
SPDY_LIBDEPS='-lssl -lcrypto -lz '
SPDY_LIB_CFLAGS='-no-cpp-precomp -fno-common -g -O2 -fno-strict-aliasing'
SPDY_LIB_CPPFLAGS=' '
SPDY_LIB_LDFLAGS=' '
STRIP='strip'
USE_COVERAGE_FALSE=''
USE_COVERAGE_TRUE='#'
USE_MS_LIB_TOOL_FALSE=''
USE_MS_LIB_TOOL_TRUE='#'
USE_POSIX_THREADS_FALSE='#'
USE_POSIX_THREADS_TRUE=''
USE_W32_THREADS_FALSE=''
USE_W32_THREADS_TRUE='#'
VERSION='0.9.39'
W32_SHARED_LIB_EXP_FALSE=''
W32_SHARED_LIB_EXP_TRUE='#'
W32_STATIC_LIB_FALSE=''
W32_STATIC_LIB_TRUE='#'
_libcurl_config=''
ac_ct_AR='ar'
ac_ct_CC='gcc'
ac_ct_DUMPBIN=''
am__EXEEXT_FALSE=''
am__EXEEXT_TRUE='#'
am__fastdepCC_FALSE='#'
am__fastdepCC_TRUE=''
am__include='include'
am__isrc=''
am__leading_dot='.'
am__nodep='_no'
am__quote=''
am__tar='$${TAR-tar} chof - "$$tardir"'
am__untar='$${TAR-tar} xf -'
ax_pthread_config=''
bindir='${exec_prefix}/bin'
build='x86_64-apple-darwin14.3.0'
build_alias=''
build_cpu='x86_64'
build_os='darwin14.3.0'
build_vendor='apple'
datadir='${datarootdir}'
datarootdir='${prefix}/share'
docdir='${datarootdir}/doc/${PACKAGE_TARNAME}'
dvidir='${docdir}'
exec_prefix='/Users/skar/Projects/pixelflut/PixSyncLib/deps/libs/microhttpd'
have_socat='no'
have_zzuf='no'
host='x86_64-apple-darwin14.3.0'
host_alias=''
host_cpu='x86_64'
host_os='darwin14.3.0'
host_vendor='apple'
htmldir='${docdir}'
includedir='${prefix}/include'
infodir='${datarootdir}/info'
install_sh='${SHELL} /Users/skar/Projects/pixelflut/PixSyncLib/deps/libmicrohttpd-0.9.39/install-sh'
libdir='${exec_prefix}/lib'
libexecdir='${exec_prefix}/libexec'
localedir='${datarootdir}/locale'
localstatedir='${prefix}/var'
lt_cv_objdir='.libs'
mandir='${datarootdir}/man'
mkdir_p='$(MKDIR_P)'
oldincludedir='/usr/include'
pdfdir='${docdir}'
prefix='/Users/skar/Projects/pixelflut/PixSyncLib/deps/libs/microhttpd'
program_transform_name='s,x,x,'
psdir='${docdir}'
sbindir='${exec_prefix}/sbin'
sharedstatedir='${prefix}/com'
sysconfdir='${prefix}/etc'
target_alias=''

## ----------- ##
## confdefs.h. ##
## ----------- ##

/* confdefs.h */
#define PACKAGE_NAME "libmicrohttpd"
#define PACKAGE_TARNAME "libmicrohttpd"
#define PACKAGE_VERSION "0.9.39"
#define PACKAGE_STRING "libmicrohttpd 0.9.39"
#define PACKAGE_BUGREPORT "libmicrohttpd@gnu.org"
#define PACKAGE_URL ""
#define PACKAGE "libmicrohttpd"
#define VERSION "0.9.39"
#define STDC_HEADERS 1
#define HAVE_SYS_TYPES_H 1
#define HAVE_SYS_STAT_H 1
#define HAVE_STDLIB_H 1
#define HAVE_STRING_H 1
#define HAVE_MEMORY_H 1
#define HAVE_STRINGS_H 1
#define HAVE_INTTYPES_H 1
#define HAVE_STDINT_H 1
#define HAVE_UNISTD_H 1
#define HAVE_DLFCN_H 1
#define LT_OBJDIR ".libs/"
#define HAVE_PTHREAD_PRIO_INHERIT 1
#define OSX 1
#define MHD_USE_POSIX_THREADS 1
#define EPOLL_SUPPORT 0
#define HAVE_FCNTL_H 1
#define HAVE_MATH_H 1
#define HAVE_ERRNO_H 1
#define HAVE_LIMITS_H 1
#define HAVE_STDIO_H 1
#define HAVE_LOCALE_H 1
#define HAVE_SYS_STAT_H 1
#define HAVE_SYS_TYPES_H 1
#define HAVE_PTHREAD_H 1
#define HAVE_SYS_TYPES_H 1
#define HAVE_SYS_TIME_H 1
#define HAVE_SYS_MSG_H 1
#define HAVE_NETDB_H 1
#define HAVE_NETINET_IN_H 1
#define HAVE_NETINET_TCP_H 1
#define HAVE_TIME_H 1
#define HAVE_SYS_SOCKET_H 1
#define HAVE_SYS_MMAN_H 1
#define HAVE_ARPA_INET_H 1
#define HAVE_SYS_SELECT_H 1
#define HAVE_POLL_H 1
#define HAVE_SEARCH_H 1
#define HAVE_SOCKADDR_IN_SIN_LEN 1
#define HAVE_MEMMEM 1
#define HAVE_DECL_SOCK_NONBLOCK 0
#define HAVE_INET6 1
#define HAVE_DECL_TCP_CORK 0
#define HAVE_DECL_TCP_NOPUSH 1
#define _MHD_EXTERN __attribute__((visibility("default"))) extern
#define HAVE_OPENSSL_EVP_H 1
#define HAVE_OPENSSL_RSA_H 1
#define HAVE_OPENSSL_RAND_H 1
#define HAVE_OPENSSL_ERR_H 1
#define HAVE_OPENSSL_SHA_H 1
#define HAVE_OPENSSL_PEM_H 1
#define HAVE_OPENSSL_ENGINE_H 1
#define SPDY_SUPPORT 0
#define HAVE_FSEEKO 1
#define HAVE_MESSAGES 1
#define HAVE_POSTPROCESSOR 1
#define HTTPS_SUPPORT 0
#define BAUTH_SUPPORT 1
#define DAUTH_SUPPORT 1

configure: exit 0
